  [1m[36mSQL (0.9ms)[0m  [1mSHOW client_min_messages[0m
  [1m[35mSQL (0.1ms)[0m  SET client_min_messages TO 'panic'
  [1m[36mSQL (0.1ms)[0m  [1mSET standard_conforming_strings = on[0m
  [1m[35mSQL (0.1ms)[0m  SET client_min_messages TO 'notice'
  [1m[36mSQL (0.5ms)[0m  [1mSET time zone 'UTC'[0m
  [1m[35mSQL (0.1ms)[0m  SHOW TIME ZONE
  [1m[36mSQL (61.9ms)[0m  [1m SELECT COUNT(*)
 FROM pg_tables
 WHERE tablename = 'schema_migrations'
 
[0m
  [1m[35mSQL (50.5ms)[0m  CREATE TABLE "schema_migrations" ("version" character varying(255) NOT NULL) 
  [1m[36mSQL (0.3ms)[0m  [1mSHOW search_path[0m
  [1m[35mSQL (5.3ms)[0m   SELECT distinct i.relname, d.indisunique, d.indkey, t.oid
 FROM pg_class t, pg_class i, pg_index d
 WHERE i.relkind = 'i'
 AND d.indexrelid = i.oid
 AND d.indisprimary = 'f'
 AND t.oid = d.indrelid
 AND t.relname = 'schema_migrations'
 AND i.relnamespace IN (SELECT oid FROM pg_namespace WHERE nspname IN ('"$user"','public') )
 ORDER BY i.relname
  [1m[36mSQL (68.2ms)[0m  [1mCREATE UNIQUE INDEX "unique_schema_migrations" ON "schema_migrations" ("version")[0m
  [1m[35mSQL (1.1ms)[0m   SELECT COUNT(*)
 FROM pg_tables
 WHERE tablename = 'schema_info'
 
  [1m[36mSQL (7.3ms)[0m  [1m SELECT tablename
 FROM pg_tables
 WHERE schemaname = ANY (current_schemas(false))
[0m
  [1m[35mSQL (3.5ms)[0m   SELECT a.attname, format_type(a.atttypid, a.atttypmod), d.adsrc, a.attnotnull
 FROM pg_attribute a LEFT JOIN pg_attrdef d
 ON a.attrelid = d.adrelid AND a.attnum = d.adnum
 WHERE a.attrelid = '"schema_migrations"'::regclass
 AND a.attnum > 0 AND NOT a.attisdropped
 ORDER BY a.attnum
  [1m[36mSQL (0.5ms)[0m  [1mSELECT "schema_migrations"."version" FROM "schema_migrations"[0m
  [1m[35mSQL (0.2ms)[0m  SET search_path TO public
  [1m[36mSQL (0.2ms)[0m  [1mSHOW client_min_messages[0m
  [1m[35mSQL (0.1ms)[0m  SET client_min_messages TO 'panic'
  [1m[36mSQL (0.1ms)[0m  [1mSET standard_conforming_strings = on[0m
  [1m[35mSQL (0.1ms)[0m  SET client_min_messages TO 'notice'
  [1m[36mSQL (0.5ms)[0m  [1mSET time zone 'UTC'[0m
  [1m[35mSQL (0.1ms)[0m  SHOW TIME ZONE
  [1m[36mSQL (342.5ms)[0m  [1mDROP DATABASE IF EXISTS "solar_test"[0m
  [1m[35mSQL (0.1ms)[0m  SET search_path TO public
  [1m[36mSQL (0.2ms)[0m  [1mSHOW client_min_messages[0m
  [1m[35mSQL (0.1ms)[0m  SET client_min_messages TO 'panic'
  [1m[36mSQL (0.1ms)[0m  [1mSET standard_conforming_strings = on[0m
  [1m[35mSQL (0.1ms)[0m  SET client_min_messages TO 'notice'
  [1m[36mSQL (0.3ms)[0m  [1mSET time zone 'UTC'[0m
  [1m[35mSQL (0.1ms)[0m  SHOW TIME ZONE
  [1m[36mSQL (6459.9ms)[0m  [1mCREATE DATABASE "solar_test" ENCODING = 'unicode'[0m
  [1m[36mSQL (0.2ms)[0m  [1mSHOW client_min_messages[0m
  [1m[35mSQL (0.1ms)[0m  SET client_min_messages TO 'panic'
  [1m[36mSQL (0.0ms)[0m  [1mSET standard_conforming_strings = on[0m
  [1m[35mSQL (0.0ms)[0m  SET client_min_messages TO 'notice'
  [1m[36mSQL (0.3ms)[0m  [1mSET time zone 'UTC'[0m
  [1m[35mSQL (0.1ms)[0m  SHOW TIME ZONE
  [1m[36mSQL (2.5ms)[0m  [1m SELECT COUNT(*)
 FROM pg_tables
 WHERE tablename = 'schema_migrations'
 
[0m
  [1m[35mSQL (0.7ms)[0m   SELECT tablename
 FROM pg_tables
 WHERE schemaname = ANY (current_schemas(false))
  [1m[36mSQL (1.6ms)[0m  [1m SELECT a.attname, format_type(a.atttypid, a.atttypmod), d.adsrc, a.attnotnull
 FROM pg_attribute a LEFT JOIN pg_attrdef d
 ON a.attrelid = d.adrelid AND a.attnum = d.adnum
 WHERE a.attrelid = '"schema_migrations"'::regclass
 AND a.attnum > 0 AND NOT a.attisdropped
 ORDER BY a.attnum
[0m
  [1m[35mSQL (0.4ms)[0m  SELECT "schema_migrations"."version" FROM "schema_migrations"
  [1m[36mSQL (0.1ms)[0m  [1mSET search_path TO public[0m
  [1m[35mSQL (0.1ms)[0m  SHOW client_min_messages
  [1m[36mSQL (0.0ms)[0m  [1mSET client_min_messages TO 'panic'[0m
  [1m[35mSQL (0.0ms)[0m  SET standard_conforming_strings = on
  [1m[36mSQL (0.0ms)[0m  [1mSET client_min_messages TO 'notice'[0m
  [1m[35mSQL (0.3ms)[0m  SET time zone 'UTC'
  [1m[36mSQL (0.1ms)[0m  [1mSHOW TIME ZONE[0m
  [1m[35mSQL (5006.4ms)[0m  DROP DATABASE IF EXISTS "solar_test"
PGError: ERROR:  database "solar_test" is being accessed by other users
DETAIL:  There are 1 other session(s) using the database.
: DROP DATABASE IF EXISTS "solar_test"
  [1m[36mSQL (0.2ms)[0m  [1mSHOW client_min_messages[0m
  [1m[35mSQL (0.2ms)[0m  SET client_min_messages TO 'panic'
  [1m[36mSQL (0.1ms)[0m  [1mSET standard_conforming_strings = on[0m
  [1m[35mSQL (0.0ms)[0m  SET client_min_messages TO 'notice'
  [1m[36mSQL (0.3ms)[0m  [1mSET time zone 'UTC'[0m
  [1m[35mSQL (0.1ms)[0m  SHOW TIME ZONE
  [1m[36mSQL (2.3ms)[0m  [1m SELECT COUNT(*)
 FROM pg_tables
 WHERE tablename = 'schema_migrations'
 
[0m
  [1m[35mSQL (0.7ms)[0m   SELECT tablename
 FROM pg_tables
 WHERE schemaname = ANY (current_schemas(false))
  [1m[36mSQL (1.6ms)[0m  [1m SELECT a.attname, format_type(a.atttypid, a.atttypmod), d.adsrc, a.attnotnull
 FROM pg_attribute a LEFT JOIN pg_attrdef d
 ON a.attrelid = d.adrelid AND a.attnum = d.adnum
 WHERE a.attrelid = '"schema_migrations"'::regclass
 AND a.attnum > 0 AND NOT a.attisdropped
 ORDER BY a.attnum
[0m
  [1m[35mSQL (0.3ms)[0m  SELECT "schema_migrations"."version" FROM "schema_migrations"
  [1m[36mSQL (0.1ms)[0m  [1mSET search_path TO public[0m
  [1m[35mSQL (0.1ms)[0m  SHOW client_min_messages
  [1m[36mSQL (0.0ms)[0m  [1mSET client_min_messages TO 'panic'[0m
  [1m[35mSQL (0.0ms)[0m  SET standard_conforming_strings = on
  [1m[36mSQL (0.0ms)[0m  [1mSET client_min_messages TO 'notice'[0m
  [1m[35mSQL (0.3ms)[0m  SET time zone 'UTC'
  [1m[36mSQL (0.1ms)[0m  [1mSHOW TIME ZONE[0m
  [1m[35mSQL (5006.6ms)[0m  DROP DATABASE IF EXISTS "solar_test"
PGError: ERROR:  database "solar_test" is being accessed by other users
DETAIL:  There are 1 other session(s) using the database.
: DROP DATABASE IF EXISTS "solar_test"
  [1m[36mSQL (0.2ms)[0m  [1mSHOW client_min_messages[0m
  [1m[35mSQL (0.1ms)[0m  SET client_min_messages TO 'panic'
  [1m[36mSQL (0.1ms)[0m  [1mSET standard_conforming_strings = on[0m
  [1m[35mSQL (0.0ms)[0m  SET client_min_messages TO 'notice'
  [1m[36mSQL (0.3ms)[0m  [1mSET time zone 'UTC'[0m
  [1m[35mSQL (0.1ms)[0m  SHOW TIME ZONE
  [1m[36mSQL (2.1ms)[0m  [1m SELECT COUNT(*)
 FROM pg_tables
 WHERE tablename = 'schema_migrations'
 
[0m
  [1m[35mSQL (0.7ms)[0m   SELECT tablename
 FROM pg_tables
 WHERE schemaname = ANY (current_schemas(false))
  [1m[36mSQL (1.6ms)[0m  [1m SELECT a.attname, format_type(a.atttypid, a.atttypmod), d.adsrc, a.attnotnull
 FROM pg_attribute a LEFT JOIN pg_attrdef d
 ON a.attrelid = d.adrelid AND a.attnum = d.adnum
 WHERE a.attrelid = '"schema_migrations"'::regclass
 AND a.attnum > 0 AND NOT a.attisdropped
 ORDER BY a.attnum
[0m
  [1m[35mSQL (0.3ms)[0m  SELECT "schema_migrations"."version" FROM "schema_migrations"
  [1m[36mSQL (0.1ms)[0m  [1mSET search_path TO public[0m
  [1m[35mSQL (0.1ms)[0m  SHOW client_min_messages
  [1m[36mSQL (0.0ms)[0m  [1mSET client_min_messages TO 'panic'[0m
  [1m[35mSQL (0.0ms)[0m  SET standard_conforming_strings = on
  [1m[36mSQL (0.0ms)[0m  [1mSET client_min_messages TO 'notice'[0m
  [1m[35mSQL (0.3ms)[0m  SET time zone 'UTC'
  [1m[36mSQL (0.1ms)[0m  [1mSHOW TIME ZONE[0m
  [1m[35mSQL (133.6ms)[0m  DROP DATABASE IF EXISTS "solar_test"
  [1m[36mSQL (0.2ms)[0m  [1mSET search_path TO public[0m
  [1m[35mSQL (0.2ms)[0m  SHOW client_min_messages
  [1m[36mSQL (0.1ms)[0m  [1mSET client_min_messages TO 'panic'[0m
  [1m[35mSQL (0.1ms)[0m  SET standard_conforming_strings = on
  [1m[36mSQL (0.1ms)[0m  [1mSET client_min_messages TO 'notice'[0m
  [1m[35mSQL (0.5ms)[0m  SET time zone 'UTC'
  [1m[36mSQL (0.1ms)[0m  [1mSHOW TIME ZONE[0m
  [1m[35mSQL (5679.3ms)[0m  CREATE DATABASE "solar_test" ENCODING = 'unicode'
  [1m[36mSQL (0.2ms)[0m  [1mSHOW client_min_messages[0m
  [1m[35mSQL (0.1ms)[0m  SET client_min_messages TO 'panic'
  [1m[36mSQL (0.1ms)[0m  [1mSET standard_conforming_strings = on[0m
  [1m[35mSQL (0.0ms)[0m  SET client_min_messages TO 'notice'
  [1m[36mSQL (0.3ms)[0m  [1mSET time zone 'UTC'[0m
  [1m[35mSQL (0.1ms)[0m  SHOW TIME ZONE
  [1m[36mSQL (2.1ms)[0m  [1m SELECT COUNT(*)
 FROM pg_tables
 WHERE tablename = 'schema_migrations'
 
[0m
  [1m[35mSQL (0.9ms)[0m   SELECT tablename
 FROM pg_tables
 WHERE schemaname = ANY (current_schemas(false))
  [1m[36mSQL (2.0ms)[0m  [1m SELECT a.attname, format_type(a.atttypid, a.atttypmod), d.adsrc, a.attnotnull
 FROM pg_attribute a LEFT JOIN pg_attrdef d
 ON a.attrelid = d.adrelid AND a.attnum = d.adnum
 WHERE a.attrelid = '"schema_migrations"'::regclass
 AND a.attnum > 0 AND NOT a.attisdropped
 ORDER BY a.attnum
[0m
  [1m[35mSQL (0.3ms)[0m  SELECT "schema_migrations"."version" FROM "schema_migrations"
  [1m[36mSQL (0.2ms)[0m  [1mSHOW client_min_messages[0m
  [1m[35mSQL (0.1ms)[0m  SET client_min_messages TO 'panic'
  [1m[36mSQL (0.1ms)[0m  [1mSET standard_conforming_strings = on[0m
  [1m[35mSQL (0.1ms)[0m  SET client_min_messages TO 'notice'
  [1m[36mSQL (0.3ms)[0m  [1mSET time zone 'UTC'[0m
  [1m[35mSQL (0.1ms)[0m  SHOW TIME ZONE
  [1m[36mSQL (2.2ms)[0m  [1m SELECT COUNT(*)
 FROM pg_tables
 WHERE tablename = 'schema_migrations'
 
[0m
  [1m[35mSQL (0.8ms)[0m   SELECT tablename
 FROM pg_tables
 WHERE schemaname = ANY (current_schemas(false))
  [1m[36mSQL (20.5ms)[0m  [1m SELECT a.attname, format_type(a.atttypid, a.atttypmod), d.adsrc, a.attnotnull
 FROM pg_attribute a LEFT JOIN pg_attrdef d
 ON a.attrelid = d.adrelid AND a.attnum = d.adnum
 WHERE a.attrelid = '"schema_migrations"'::regclass
 AND a.attnum > 0 AND NOT a.attisdropped
 ORDER BY a.attnum
[0m
  [1m[35mSQL (0.4ms)[0m  SELECT "schema_migrations"."version" FROM "schema_migrations"
Migrating to CreateUsuarios (20101123180139)
  [1m[36mSQL (0.0ms)[0m  [1mBEGIN[0m
  [1m[35mSQL (116.2ms)[0m  CREATE TABLE "usuarios" ("id" serial primary key, "created_at" timestamp, "updated_at" timestamp) 
  [1m[36mSQL (1.0ms)[0m  [1m SELECT a.attname, format_type(a.atttypid, a.atttypmod), d.adsrc, a.attnotnull
 FROM pg_attribute a LEFT JOIN pg_attrdef d
 ON a.attrelid = d.adrelid AND a.attnum = d.adnum
 WHERE a.attrelid = '"schema_migrations"'::regclass
 AND a.attnum > 0 AND NOT a.attisdropped
 ORDER BY a.attnum
[0m
  [1m[35mPK and serial sequence (9.8ms)[0m   SELECT attr.attname, seq.relname
 FROM pg_class seq,
 pg_attribute attr,
 pg_depend dep,
 pg_namespace name,
 pg_constraint cons
 WHERE seq.oid = dep.objid
 AND seq.relkind = 'S'
 AND attr.attrelid = dep.refobjid
 AND attr.attnum = dep.refobjsubid
 AND attr.attrelid = cons.conrelid
 AND attr.attnum = cons.conkey[1]
 AND cons.contype = 'p'
 AND dep.refobjid = '"schema_migrations"'::regclass
  [1m[36mPK and custom sequence (3.9ms)[0m  [1m SELECT attr.attname,
 CASE
 WHEN split_part(def.adsrc, '''', 2) ~ '.' THEN
 substr(split_part(def.adsrc, '''', 2),
 strpos(split_part(def.adsrc, '''', 2), '.')+1)
 ELSE split_part(def.adsrc, '''', 2)
 END
 FROM pg_class t
 JOIN pg_attribute attr ON (t.oid = attrelid)
 JOIN pg_attrdef def ON (adrelid = attrelid AND adnum = attnum)
 JOIN pg_constraint cons ON (conrelid = adrelid AND adnum = conkey[1])
 WHERE t.oid = '"schema_migrations"'::regclass
 AND cons.contype = 'p'
 AND def.adsrc ~* 'nextval'
[0m
  [1m[35mSQL (0.7ms)[0m  INSERT INTO "schema_migrations" ("version") VALUES ('20101123180139')
  [1m[36mPK and serial sequence (3.7ms)[0m  [1m SELECT attr.attname, seq.relname
 FROM pg_class seq,
 pg_attribute attr,
 pg_depend dep,
 pg_namespace name,
 pg_constraint cons
 WHERE seq.oid = dep.objid
 AND seq.relkind = 'S'
 AND attr.attrelid = dep.refobjid
 AND attr.attnum = dep.refobjsubid
 AND attr.attrelid = cons.conrelid
 AND attr.attnum = cons.conkey[1]
 AND cons.contype = 'p'
 AND dep.refobjid = '"schema_migrations"'::regclass
[0m
  [1m[35mPK and custom sequence (2.0ms)[0m   SELECT attr.attname,
 CASE
 WHEN split_part(def.adsrc, '''', 2) ~ '.' THEN
 substr(split_part(def.adsrc, '''', 2),
 strpos(split_part(def.adsrc, '''', 2), '.')+1)
 ELSE split_part(def.adsrc, '''', 2)
 END
 FROM pg_class t
 JOIN pg_attribute attr ON (t.oid = attrelid)
 JOIN pg_attrdef def ON (adrelid = attrelid AND adnum = attnum)
 JOIN pg_constraint cons ON (conrelid = adrelid AND adnum = conkey[1])
 WHERE t.oid = '"schema_migrations"'::regclass
 AND cons.contype = 'p'
 AND def.adsrc ~* 'nextval'
  [1m[36mSQL (6.8ms)[0m  [1mCOMMIT[0m
  [1m[35mSQL (0.8ms)[0m   SELECT COUNT(*)
 FROM pg_tables
 WHERE tablename = 'schema_migrations'
 
  [1m[36mSQL (11.6ms)[0m  [1m SELECT a.attname, format_type(a.atttypid, a.atttypmod), d.adsrc, a.attnotnull
 FROM pg_attribute a LEFT JOIN pg_attrdef d
 ON a.attrelid = d.adrelid AND a.attnum = d.adnum
 WHERE a.attrelid = '"schema_migrations"'::regclass
 AND a.attnum > 0 AND NOT a.attisdropped
 ORDER BY a.attnum
[0m
  [1m[35mSQL (0.4ms)[0m  SELECT "schema_migrations"."version" FROM "schema_migrations"
  [1m[36mSQL (1.3ms)[0m  [1m SELECT tablename
 FROM pg_tables
 WHERE schemaname = ANY (current_schemas(false))
[0m
  [1m[35mSQL (1.0ms)[0m   SELECT a.attname, format_type(a.atttypid, a.atttypmod), d.adsrc, a.attnotnull
 FROM pg_attribute a LEFT JOIN pg_attrdef d
 ON a.attrelid = d.adrelid AND a.attnum = d.adnum
 WHERE a.attrelid = '"usuarios"'::regclass
 AND a.attnum > 0 AND NOT a.attisdropped
 ORDER BY a.attnum
  [1m[36mPK and serial sequence (4.3ms)[0m  [1m SELECT attr.attname, seq.relname
 FROM pg_class seq,
 pg_attribute attr,
 pg_depend dep,
 pg_namespace name,
 pg_constraint cons
 WHERE seq.oid = dep.objid
 AND seq.relkind = 'S'
 AND attr.attrelid = dep.refobjid
 AND attr.attnum = dep.refobjsubid
 AND attr.attrelid = cons.conrelid
 AND attr.attnum = cons.conkey[1]
 AND cons.contype = 'p'
 AND dep.refobjid = '"usuarios"'::regclass
[0m
  [1m[35mSQL (0.1ms)[0m  SHOW search_path
  [1m[36mSQL (3.0ms)[0m  [1m SELECT distinct i.relname, d.indisunique, d.indkey, t.oid
 FROM pg_class t, pg_class i, pg_index d
 WHERE i.relkind = 'i'
 AND d.indexrelid = i.oid
 AND d.indisprimary = 'f'
 AND t.oid = d.indrelid
 AND t.relname = 'usuarios'
 AND i.relnamespace IN (SELECT oid FROM pg_namespace WHERE nspname IN ('"$user"','public') )
 ORDER BY i.relname
[0m
  [1m[36mSQL (0.2ms)[0m  [1mSHOW client_min_messages[0m
  [1m[35mSQL (0.1ms)[0m  SET client_min_messages TO 'panic'
  [1m[36mSQL (0.1ms)[0m  [1mSET standard_conforming_strings = on[0m
  [1m[35mSQL (0.1ms)[0m  SET client_min_messages TO 'notice'
  [1m[36mSQL (0.3ms)[0m  [1mSET time zone 'UTC'[0m
  [1m[35mSQL (0.1ms)[0m  SHOW TIME ZONE
  [1m[36mSQL (2.1ms)[0m  [1m SELECT COUNT(*)
 FROM pg_tables
 WHERE tablename = 'schema_migrations'
 
[0m
  [1m[35mSQL (0.7ms)[0m   SELECT tablename
 FROM pg_tables
 WHERE schemaname = ANY (current_schemas(false))
  [1m[36mSQL (2.3ms)[0m  [1m SELECT a.attname, format_type(a.atttypid, a.atttypmod), d.adsrc, a.attnotnull
 FROM pg_attribute a LEFT JOIN pg_attrdef d
 ON a.attrelid = d.adrelid AND a.attnum = d.adnum
 WHERE a.attrelid = '"schema_migrations"'::regclass
 AND a.attnum > 0 AND NOT a.attisdropped
 ORDER BY a.attnum
[0m
  [1m[35mSQL (0.3ms)[0m  SELECT "schema_migrations"."version" FROM "schema_migrations"
  [1m[36mSQL (0.1ms)[0m  [1mSET search_path TO public[0m
  [1m[35mSQL (0.1ms)[0m  SHOW client_min_messages
  [1m[36mSQL (0.1ms)[0m  [1mSET client_min_messages TO 'panic'[0m
  [1m[35mSQL (0.1ms)[0m  SET standard_conforming_strings = on
  [1m[36mSQL (0.1ms)[0m  [1mSET client_min_messages TO 'notice'[0m
  [1m[35mSQL (0.3ms)[0m  SET time zone 'UTC'
  [1m[36mSQL (0.1ms)[0m  [1mSHOW TIME ZONE[0m
  [1m[35mSQL (430.4ms)[0m  DROP DATABASE IF EXISTS "solar_test"
  [1m[36mSQL (0.1ms)[0m  [1mSET search_path TO public[0m
  [1m[35mSQL (0.1ms)[0m  SHOW client_min_messages
  [1m[36mSQL (0.0ms)[0m  [1mSET client_min_messages TO 'panic'[0m
  [1m[35mSQL (0.0ms)[0m  SET standard_conforming_strings = on
  [1m[36mSQL (0.0ms)[0m  [1mSET client_min_messages TO 'notice'[0m
  [1m[35mSQL (0.3ms)[0m  SET time zone 'UTC'
  [1m[36mSQL (0.1ms)[0m  [1mSHOW TIME ZONE[0m
  [1m[35mSQL (5767.7ms)[0m  CREATE DATABASE "solar_test" ENCODING = 'unicode'
  [1m[36mSQL (0.2ms)[0m  [1mSHOW client_min_messages[0m
  [1m[35mSQL (0.1ms)[0m  SET client_min_messages TO 'panic'
  [1m[36mSQL (0.0ms)[0m  [1mSET standard_conforming_strings = on[0m
  [1m[35mSQL (0.0ms)[0m  SET client_min_messages TO 'notice'
  [1m[36mSQL (0.5ms)[0m  [1mSET time zone 'UTC'[0m
  [1m[35mSQL (0.1ms)[0m  SHOW TIME ZONE
  [1m[36mSQL (2.5ms)[0m  [1m SELECT COUNT(*)
 FROM pg_tables
 WHERE tablename = 'usuarios'
 
[0m
  [1m[35mSQL (44.2ms)[0m  CREATE TABLE "usuarios" ("id" serial primary key, "created_at" timestamp, "updated_at" timestamp) 
  [1m[36mSQL (1.3ms)[0m  [1m SELECT COUNT(*)
 FROM pg_tables
 WHERE tablename = 'schema_migrations'
 
[0m
  [1m[35mSQL (6.3ms)[0m  CREATE TABLE "schema_migrations" ("version" character varying(255) NOT NULL) 
  [1m[36mSQL (0.3ms)[0m  [1mSHOW search_path[0m
  [1m[35mSQL (3.7ms)[0m   SELECT distinct i.relname, d.indisunique, d.indkey, t.oid
 FROM pg_class t, pg_class i, pg_index d
 WHERE i.relkind = 'i'
 AND d.indexrelid = i.oid
 AND d.indisprimary = 'f'
 AND t.oid = d.indrelid
 AND t.relname = 'schema_migrations'
 AND i.relnamespace IN (SELECT oid FROM pg_namespace WHERE nspname IN ('"$user"','public') )
 ORDER BY i.relname
  [1m[36mSQL (44.9ms)[0m  [1mCREATE UNIQUE INDEX "unique_schema_migrations" ON "schema_migrations" ("version")[0m
  [1m[35mSQL (1.1ms)[0m   SELECT COUNT(*)
 FROM pg_tables
 WHERE tablename = 'schema_info'
 
  [1m[36mSQL (0.4ms)[0m  [1mSELECT version FROM "schema_migrations"[0m
  [1m[35mSQL (5.7ms)[0m  INSERT INTO "schema_migrations" (version) VALUES ('20101123180139')
  [1m[36mSQL (0.2ms)[0m  [1mSHOW client_min_messages[0m
  [1m[35mSQL (0.1ms)[0m  SET client_min_messages TO 'panic'
  [1m[36mSQL (0.1ms)[0m  [1mSET standard_conforming_strings = on[0m
  [1m[35mSQL (0.1ms)[0m  SET client_min_messages TO 'notice'
  [1m[36mSQL (0.3ms)[0m  [1mSET time zone 'UTC'[0m
  [1m[35mSQL (0.1ms)[0m  SHOW TIME ZONE
  [1m[36mSQL (2.1ms)[0m  [1m SELECT COUNT(*)
 FROM pg_tables
 WHERE tablename = 'schema_migrations'
 
[0m
  [1m[35mSQL (0.7ms)[0m   SELECT tablename
 FROM pg_tables
 WHERE schemaname = ANY (current_schemas(false))
  [1m[36mSQL (1.6ms)[0m  [1m SELECT a.attname, format_type(a.atttypid, a.atttypmod), d.adsrc, a.attnotnull
 FROM pg_attribute a LEFT JOIN pg_attrdef d
 ON a.attrelid = d.adrelid AND a.attnum = d.adnum
 WHERE a.attrelid = '"schema_migrations"'::regclass
 AND a.attnum > 0 AND NOT a.attisdropped
 ORDER BY a.attnum
[0m
  [1m[35mSQL (0.4ms)[0m  SELECT "schema_migrations"."version" FROM "schema_migrations"
  [1m[36mSQL (0.1ms)[0m  [1mSET search_path TO public[0m
  [1m[35mSQL (0.1ms)[0m  SHOW client_min_messages
  [1m[36mSQL (0.0ms)[0m  [1mSET client_min_messages TO 'panic'[0m
  [1m[35mSQL (0.0ms)[0m  SET standard_conforming_strings = on
  [1m[36mSQL (0.0ms)[0m  [1mSET client_min_messages TO 'notice'[0m
  [1m[35mSQL (0.3ms)[0m  SET time zone 'UTC'
  [1m[36mSQL (0.1ms)[0m  [1mSHOW TIME ZONE[0m
  [1m[35mSQL (132.2ms)[0m  DROP DATABASE IF EXISTS "solar_test"
  [1m[36mSQL (0.1ms)[0m  [1mSET search_path TO public[0m
  [1m[35mSQL (0.2ms)[0m  SHOW client_min_messages
  [1m[36mSQL (0.1ms)[0m  [1mSET client_min_messages TO 'panic'[0m
  [1m[35mSQL (0.1ms)[0m  SET standard_conforming_strings = on
  [1m[36mSQL (0.0ms)[0m  [1mSET client_min_messages TO 'notice'[0m
  [1m[35mSQL (0.3ms)[0m  SET time zone 'UTC'
  [1m[36mSQL (0.1ms)[0m  [1mSHOW TIME ZONE[0m
  [1m[35mSQL (5631.8ms)[0m  CREATE DATABASE "solar_test" ENCODING = 'unicode'
  [1m[36mSQL (0.2ms)[0m  [1mSHOW client_min_messages[0m
  [1m[35mSQL (0.1ms)[0m  SET client_min_messages TO 'panic'
  [1m[36mSQL (0.1ms)[0m  [1mSET standard_conforming_strings = on[0m
  [1m[35mSQL (0.1ms)[0m  SET client_min_messages TO 'notice'
  [1m[36mSQL (0.3ms)[0m  [1mSET time zone 'UTC'[0m
  [1m[35mSQL (0.1ms)[0m  SHOW TIME ZONE
  [1m[36mSQL (2.4ms)[0m  [1m SELECT COUNT(*)
 FROM pg_tables
 WHERE tablename = 'usuarios'
 
[0m
  [1m[35mSQL (54.1ms)[0m  CREATE TABLE "usuarios" ("id" serial primary key, "created_at" timestamp, "updated_at" timestamp) 
  [1m[36mSQL (1.5ms)[0m  [1m SELECT COUNT(*)
 FROM pg_tables
 WHERE tablename = 'schema_migrations'
 
[0m
  [1m[35mSQL (6.1ms)[0m  CREATE TABLE "schema_migrations" ("version" character varying(255) NOT NULL) 
  [1m[36mSQL (0.3ms)[0m  [1mSHOW search_path[0m
  [1m[35mSQL (4.1ms)[0m   SELECT distinct i.relname, d.indisunique, d.indkey, t.oid
 FROM pg_class t, pg_class i, pg_index d
 WHERE i.relkind = 'i'
 AND d.indexrelid = i.oid
 AND d.indisprimary = 'f'
 AND t.oid = d.indrelid
 AND t.relname = 'schema_migrations'
 AND i.relnamespace IN (SELECT oid FROM pg_namespace WHERE nspname IN ('"$user"','public') )
 ORDER BY i.relname
  [1m[36mSQL (52.8ms)[0m  [1mCREATE UNIQUE INDEX "unique_schema_migrations" ON "schema_migrations" ("version")[0m
  [1m[35mSQL (1.1ms)[0m   SELECT COUNT(*)
 FROM pg_tables
 WHERE tablename = 'schema_info'
 
  [1m[36mSQL (0.9ms)[0m  [1mSELECT version FROM "schema_migrations"[0m
  [1m[35mSQL (5.0ms)[0m  INSERT INTO "schema_migrations" (version) VALUES ('20101123180139')
  [1m[36mSQL (0.2ms)[0m  [1mSHOW client_min_messages[0m
  [1m[35mSQL (0.1ms)[0m  SET client_min_messages TO 'panic'
  [1m[36mSQL (0.1ms)[0m  [1mSET standard_conforming_strings = on[0m
  [1m[35mSQL (0.1ms)[0m  SET client_min_messages TO 'notice'
  [1m[36mSQL (0.3ms)[0m  [1mSET time zone 'UTC'[0m
  [1m[35mSQL (0.1ms)[0m  SHOW TIME ZONE
  [1m[36mSQL (2.1ms)[0m  [1m SELECT COUNT(*)
 FROM pg_tables
 WHERE tablename = 'schema_migrations'
 
[0m
  [1m[35mSQL (0.7ms)[0m   SELECT tablename
 FROM pg_tables
 WHERE schemaname = ANY (current_schemas(false))
  [1m[36mSQL (1.7ms)[0m  [1m SELECT a.attname, format_type(a.atttypid, a.atttypmod), d.adsrc, a.attnotnull
 FROM pg_attribute a LEFT JOIN pg_attrdef d
 ON a.attrelid = d.adrelid AND a.attnum = d.adnum
 WHERE a.attrelid = '"schema_migrations"'::regclass
 AND a.attnum > 0 AND NOT a.attisdropped
 ORDER BY a.attnum
[0m
  [1m[35mSQL (0.4ms)[0m  SELECT "schema_migrations"."version" FROM "schema_migrations"
  [1m[36mSQL (0.1ms)[0m  [1mSET search_path TO public[0m
  [1m[35mSQL (0.1ms)[0m  SHOW client_min_messages
  [1m[36mSQL (0.1ms)[0m  [1mSET client_min_messages TO 'panic'[0m
  [1m[35mSQL (0.1ms)[0m  SET standard_conforming_strings = on
  [1m[36mSQL (0.1ms)[0m  [1mSET client_min_messages TO 'notice'[0m
  [1m[35mSQL (0.3ms)[0m  SET time zone 'UTC'
  [1m[36mSQL (0.1ms)[0m  [1mSHOW TIME ZONE[0m
  [1m[35mSQL (130.9ms)[0m  DROP DATABASE IF EXISTS "solar_test"
  [1m[36mSQL (0.2ms)[0m  [1mSET search_path TO public[0m
  [1m[35mSQL (0.2ms)[0m  SHOW client_min_messages
  [1m[36mSQL (0.1ms)[0m  [1mSET client_min_messages TO 'panic'[0m
  [1m[35mSQL (0.1ms)[0m  SET standard_conforming_strings = on
  [1m[36mSQL (0.1ms)[0m  [1mSET client_min_messages TO 'notice'[0m
  [1m[35mSQL (0.5ms)[0m  SET time zone 'UTC'
  [1m[36mSQL (0.1ms)[0m  [1mSHOW TIME ZONE[0m
  [1m[35mSQL (5643.2ms)[0m  CREATE DATABASE "solar_test" ENCODING = 'unicode'
  [1m[36mSQL (0.2ms)[0m  [1mSHOW client_min_messages[0m
  [1m[35mSQL (0.1ms)[0m  SET client_min_messages TO 'panic'
  [1m[36mSQL (0.1ms)[0m  [1mSET standard_conforming_strings = on[0m
  [1m[35mSQL (0.1ms)[0m  SET client_min_messages TO 'notice'
  [1m[36mSQL (0.3ms)[0m  [1mSET time zone 'UTC'[0m
  [1m[35mSQL (0.1ms)[0m  SHOW TIME ZONE
  [1m[36mSQL (2.5ms)[0m  [1m SELECT COUNT(*)
 FROM pg_tables
 WHERE tablename = 'usuarios'
 
[0m
  [1m[35mSQL (56.8ms)[0m  CREATE TABLE "usuarios" ("id" serial primary key, "created_at" timestamp, "updated_at" timestamp) 
  [1m[36mSQL (1.3ms)[0m  [1m SELECT COUNT(*)
 FROM pg_tables
 WHERE tablename = 'schema_migrations'
 
[0m
  [1m[35mSQL (6.2ms)[0m  CREATE TABLE "schema_migrations" ("version" character varying(255) NOT NULL) 
  [1m[36mSQL (0.2ms)[0m  [1mSHOW search_path[0m
  [1m[35mSQL (3.7ms)[0m   SELECT distinct i.relname, d.indisunique, d.indkey, t.oid
 FROM pg_class t, pg_class i, pg_index d
 WHERE i.relkind = 'i'
 AND d.indexrelid = i.oid
 AND d.indisprimary = 'f'
 AND t.oid = d.indrelid
 AND t.relname = 'schema_migrations'
 AND i.relnamespace IN (SELECT oid FROM pg_namespace WHERE nspname IN ('"$user"','public') )
 ORDER BY i.relname
  [1m[36mSQL (53.4ms)[0m  [1mCREATE UNIQUE INDEX "unique_schema_migrations" ON "schema_migrations" ("version")[0m
  [1m[35mSQL (1.1ms)[0m   SELECT COUNT(*)
 FROM pg_tables
 WHERE tablename = 'schema_info'
 
  [1m[36mSQL (0.4ms)[0m  [1mSELECT version FROM "schema_migrations"[0m
  [1m[35mSQL (5.7ms)[0m  INSERT INTO "schema_migrations" (version) VALUES ('20101123180139')
  [1m[36mSQL (0.2ms)[0m  [1mSHOW client_min_messages[0m
  [1m[35mSQL (0.1ms)[0m  SET client_min_messages TO 'panic'
  [1m[36mSQL (0.1ms)[0m  [1mSET standard_conforming_strings = on[0m
  [1m[35mSQL (0.0ms)[0m  SET client_min_messages TO 'notice'
  [1m[36mSQL (0.3ms)[0m  [1mSET time zone 'UTC'[0m
  [1m[35mSQL (0.1ms)[0m  SHOW TIME ZONE
  [1m[36mSQL (2.1ms)[0m  [1m SELECT COUNT(*)
 FROM pg_tables
 WHERE tablename = 'schema_migrations'
 
[0m
  [1m[35mSQL (0.7ms)[0m   SELECT tablename
 FROM pg_tables
 WHERE schemaname = ANY (current_schemas(false))
  [1m[36mSQL (1.6ms)[0m  [1m SELECT a.attname, format_type(a.atttypid, a.atttypmod), d.adsrc, a.attnotnull
 FROM pg_attribute a LEFT JOIN pg_attrdef d
 ON a.attrelid = d.adrelid AND a.attnum = d.adnum
 WHERE a.attrelid = '"schema_migrations"'::regclass
 AND a.attnum > 0 AND NOT a.attisdropped
 ORDER BY a.attnum
[0m
  [1m[35mSQL (0.4ms)[0m  SELECT "schema_migrations"."version" FROM "schema_migrations"
  [1m[36mSQL (0.1ms)[0m  [1mSET search_path TO public[0m
  [1m[35mSQL (0.1ms)[0m  SHOW client_min_messages
  [1m[36mSQL (0.0ms)[0m  [1mSET client_min_messages TO 'panic'[0m
  [1m[35mSQL (0.0ms)[0m  SET standard_conforming_strings = on
  [1m[36mSQL (0.0ms)[0m  [1mSET client_min_messages TO 'notice'[0m
  [1m[35mSQL (0.3ms)[0m  SET time zone 'UTC'
  [1m[36mSQL (0.1ms)[0m  [1mSHOW TIME ZONE[0m
  [1m[35mSQL (228.2ms)[0m  DROP DATABASE IF EXISTS "solar_test"
  [1m[36mSQL (0.2ms)[0m  [1mSET search_path TO public[0m
  [1m[35mSQL (0.2ms)[0m  SHOW client_min_messages
  [1m[36mSQL (0.1ms)[0m  [1mSET client_min_messages TO 'panic'[0m
  [1m[35mSQL (0.1ms)[0m  SET standard_conforming_strings = on
  [1m[36mSQL (0.1ms)[0m  [1mSET client_min_messages TO 'notice'[0m
  [1m[35mSQL (0.5ms)[0m  SET time zone 'UTC'
  [1m[36mSQL (0.1ms)[0m  [1mSHOW TIME ZONE[0m
  [1m[35mSQL (5749.7ms)[0m  CREATE DATABASE "solar_test" ENCODING = 'unicode'
  [1m[36mSQL (0.2ms)[0m  [1mSHOW client_min_messages[0m
  [1m[35mSQL (0.1ms)[0m  SET client_min_messages TO 'panic'
  [1m[36mSQL (0.1ms)[0m  [1mSET standard_conforming_strings = on[0m
  [1m[35mSQL (0.1ms)[0m  SET client_min_messages TO 'notice'
  [1m[36mSQL (0.3ms)[0m  [1mSET time zone 'UTC'[0m
  [1m[35mSQL (0.1ms)[0m  SHOW TIME ZONE
  [1m[36mSQL (2.4ms)[0m  [1m SELECT COUNT(*)
 FROM pg_tables
 WHERE tablename = 'usuarios'
 
[0m
  [1m[35mSQL (66.7ms)[0m  CREATE TABLE "usuarios" ("id" serial primary key, "created_at" timestamp, "updated_at" timestamp) 
  [1m[36mSQL (1.4ms)[0m  [1m SELECT COUNT(*)
 FROM pg_tables
 WHERE tablename = 'schema_migrations'
 
[0m
  [1m[35mSQL (6.1ms)[0m  CREATE TABLE "schema_migrations" ("version" character varying(255) NOT NULL) 
  [1m[36mSQL (0.3ms)[0m  [1mSHOW search_path[0m
  [1m[35mSQL (3.9ms)[0m   SELECT distinct i.relname, d.indisunique, d.indkey, t.oid
 FROM pg_class t, pg_class i, pg_index d
 WHERE i.relkind = 'i'
 AND d.indexrelid = i.oid
 AND d.indisprimary = 'f'
 AND t.oid = d.indrelid
 AND t.relname = 'schema_migrations'
 AND i.relnamespace IN (SELECT oid FROM pg_namespace WHERE nspname IN ('"$user"','public') )
 ORDER BY i.relname
  [1m[36mSQL (61.3ms)[0m  [1mCREATE UNIQUE INDEX "unique_schema_migrations" ON "schema_migrations" ("version")[0m
  [1m[35mSQL (1.1ms)[0m   SELECT COUNT(*)
 FROM pg_tables
 WHERE tablename = 'schema_info'
 
  [1m[36mSQL (0.4ms)[0m  [1mSELECT version FROM "schema_migrations"[0m
  [1m[35mSQL (5.7ms)[0m  INSERT INTO "schema_migrations" (version) VALUES ('20101123180139')
  [1m[36mSQL (0.2ms)[0m  [1mSHOW client_min_messages[0m
  [1m[35mSQL (0.1ms)[0m  SET client_min_messages TO 'panic'
  [1m[36mSQL (0.1ms)[0m  [1mSET standard_conforming_strings = on[0m
  [1m[35mSQL (0.1ms)[0m  SET client_min_messages TO 'notice'
  [1m[36mSQL (0.3ms)[0m  [1mSET time zone 'UTC'[0m
  [1m[35mSQL (0.1ms)[0m  SHOW TIME ZONE
  [1m[36mSQL (2.3ms)[0m  [1m SELECT COUNT(*)
 FROM pg_tables
 WHERE tablename = 'schema_migrations'
 
[0m
  [1m[35mSQL (0.8ms)[0m   SELECT tablename
 FROM pg_tables
 WHERE schemaname = ANY (current_schemas(false))
  [1m[36mSQL (1.7ms)[0m  [1m SELECT a.attname, format_type(a.atttypid, a.atttypmod), d.adsrc, a.attnotnull
 FROM pg_attribute a LEFT JOIN pg_attrdef d
 ON a.attrelid = d.adrelid AND a.attnum = d.adnum
 WHERE a.attrelid = '"schema_migrations"'::regclass
 AND a.attnum > 0 AND NOT a.attisdropped
 ORDER BY a.attnum
[0m
  [1m[35mSQL (0.3ms)[0m  SELECT "schema_migrations"."version" FROM "schema_migrations"
  [1m[36mSQL (0.1ms)[0m  [1mSET search_path TO public[0m
  [1m[35mSQL (0.1ms)[0m  SHOW client_min_messages
  [1m[36mSQL (0.1ms)[0m  [1mSET client_min_messages TO 'panic'[0m
  [1m[35mSQL (0.1ms)[0m  SET standard_conforming_strings = on
  [1m[36mSQL (0.1ms)[0m  [1mSET client_min_messages TO 'notice'[0m
  [1m[35mSQL (0.3ms)[0m  SET time zone 'UTC'
  [1m[36mSQL (0.1ms)[0m  [1mSHOW TIME ZONE[0m
  [1m[35mSQL (232.6ms)[0m  DROP DATABASE IF EXISTS "solar_test"
  [1m[36mSQL (0.1ms)[0m  [1mSET search_path TO public[0m
  [1m[35mSQL (0.1ms)[0m  SHOW client_min_messages
  [1m[36mSQL (0.1ms)[0m  [1mSET client_min_messages TO 'panic'[0m
  [1m[35mSQL (0.1ms)[0m  SET standard_conforming_strings = on
  [1m[36mSQL (0.1ms)[0m  [1mSET client_min_messages TO 'notice'[0m
  [1m[35mSQL (0.3ms)[0m  SET time zone 'UTC'
  [1m[36mSQL (0.1ms)[0m  [1mSHOW TIME ZONE[0m
  [1m[35mSQL (5617.7ms)[0m  CREATE DATABASE "solar_test" ENCODING = 'unicode'
  [1m[36mSQL (0.2ms)[0m  [1mSHOW client_min_messages[0m
  [1m[35mSQL (0.1ms)[0m  SET client_min_messages TO 'panic'
  [1m[36mSQL (0.1ms)[0m  [1mSET standard_conforming_strings = on[0m
  [1m[35mSQL (0.1ms)[0m  SET client_min_messages TO 'notice'
  [1m[36mSQL (0.3ms)[0m  [1mSET time zone 'UTC'[0m
  [1m[35mSQL (0.1ms)[0m  SHOW TIME ZONE
  [1m[36mSQL (2.4ms)[0m  [1m SELECT COUNT(*)
 FROM pg_tables
 WHERE tablename = 'usuarios'
 
[0m
  [1m[35mSQL (55.3ms)[0m  CREATE TABLE "usuarios" ("id" serial primary key, "created_at" timestamp, "updated_at" timestamp) 
  [1m[36mSQL (1.4ms)[0m  [1m SELECT COUNT(*)
 FROM pg_tables
 WHERE tablename = 'schema_migrations'
 
[0m
  [1m[35mSQL (6.1ms)[0m  CREATE TABLE "schema_migrations" ("version" character varying(255) NOT NULL) 
  [1m[36mSQL (0.3ms)[0m  [1mSHOW search_path[0m
  [1m[35mSQL (3.6ms)[0m   SELECT distinct i.relname, d.indisunique, d.indkey, t.oid
 FROM pg_class t, pg_class i, pg_index d
 WHERE i.relkind = 'i'
 AND d.indexrelid = i.oid
 AND d.indisprimary = 'f'
 AND t.oid = d.indrelid
 AND t.relname = 'schema_migrations'
 AND i.relnamespace IN (SELECT oid FROM pg_namespace WHERE nspname IN ('"$user"','public') )
 ORDER BY i.relname
  [1m[36mSQL (45.1ms)[0m  [1mCREATE UNIQUE INDEX "unique_schema_migrations" ON "schema_migrations" ("version")[0m
  [1m[35mSQL (1.1ms)[0m   SELECT COUNT(*)
 FROM pg_tables
 WHERE tablename = 'schema_info'
 
  [1m[36mSQL (0.4ms)[0m  [1mSELECT version FROM "schema_migrations"[0m
  [1m[35mSQL (5.6ms)[0m  INSERT INTO "schema_migrations" (version) VALUES ('20101123180139')
  [1m[36mSQL (0.2ms)[0m  [1mSHOW client_min_messages[0m
  [1m[35mSQL (0.1ms)[0m  SET client_min_messages TO 'panic'
  [1m[36mSQL (0.1ms)[0m  [1mSET standard_conforming_strings = on[0m
  [1m[35mSQL (0.0ms)[0m  SET client_min_messages TO 'notice'
  [1m[36mSQL (0.3ms)[0m  [1mSET time zone 'UTC'[0m
  [1m[35mSQL (0.1ms)[0m  SHOW TIME ZONE
  [1m[36mSQL (2.1ms)[0m  [1m SELECT COUNT(*)
 FROM pg_tables
 WHERE tablename = 'schema_migrations'
 
[0m
  [1m[35mSQL (0.7ms)[0m   SELECT tablename
 FROM pg_tables
 WHERE schemaname = ANY (current_schemas(false))
  [1m[36mSQL (1.6ms)[0m  [1m SELECT a.attname, format_type(a.atttypid, a.atttypmod), d.adsrc, a.attnotnull
 FROM pg_attribute a LEFT JOIN pg_attrdef d
 ON a.attrelid = d.adrelid AND a.attnum = d.adnum
 WHERE a.attrelid = '"schema_migrations"'::regclass
 AND a.attnum > 0 AND NOT a.attisdropped
 ORDER BY a.attnum
[0m
  [1m[35mSQL (0.4ms)[0m  SELECT "schema_migrations"."version" FROM "schema_migrations"
  [1m[36mSQL (0.1ms)[0m  [1mSET search_path TO public[0m
  [1m[35mSQL (0.1ms)[0m  SHOW client_min_messages
  [1m[36mSQL (0.1ms)[0m  [1mSET client_min_messages TO 'panic'[0m
  [1m[35mSQL (0.0ms)[0m  SET standard_conforming_strings = on
  [1m[36mSQL (0.1ms)[0m  [1mSET client_min_messages TO 'notice'[0m
  [1m[35mSQL (0.3ms)[0m  SET time zone 'UTC'
  [1m[36mSQL (0.1ms)[0m  [1mSHOW TIME ZONE[0m
  [1m[35mSQL (131.4ms)[0m  DROP DATABASE IF EXISTS "solar_test"
  [1m[36mSQL (0.1ms)[0m  [1mSET search_path TO public[0m
  [1m[35mSQL (0.1ms)[0m  SHOW client_min_messages
  [1m[36mSQL (0.1ms)[0m  [1mSET client_min_messages TO 'panic'[0m
  [1m[35mSQL (0.0ms)[0m  SET standard_conforming_strings = on
  [1m[36mSQL (0.0ms)[0m  [1mSET client_min_messages TO 'notice'[0m
  [1m[35mSQL (0.3ms)[0m  SET time zone 'UTC'
  [1m[36mSQL (0.1ms)[0m  [1mSHOW TIME ZONE[0m
  [1m[35mSQL (5662.8ms)[0m  CREATE DATABASE "solar_test" ENCODING = 'unicode'
  [1m[36mSQL (0.2ms)[0m  [1mSHOW client_min_messages[0m
  [1m[35mSQL (0.0ms)[0m  SET client_min_messages TO 'panic'
  [1m[36mSQL (0.0ms)[0m  [1mSET standard_conforming_strings = on[0m
  [1m[35mSQL (0.0ms)[0m  SET client_min_messages TO 'notice'
  [1m[36mSQL (0.3ms)[0m  [1mSET time zone 'UTC'[0m
  [1m[35mSQL (0.1ms)[0m  SHOW TIME ZONE
  [1m[36mSQL (2.6ms)[0m  [1m SELECT COUNT(*)
 FROM pg_tables
 WHERE tablename = 'usuarios'
 
[0m
  [1m[35mSQL (48.6ms)[0m  CREATE TABLE "usuarios" ("id" serial primary key, "created_at" timestamp, "updated_at" timestamp) 
  [1m[36mSQL (1.3ms)[0m  [1m SELECT COUNT(*)
 FROM pg_tables
 WHERE tablename = 'schema_migrations'
 
[0m
  [1m[35mSQL (6.4ms)[0m  CREATE TABLE "schema_migrations" ("version" character varying(255) NOT NULL) 
  [1m[36mSQL (0.3ms)[0m  [1mSHOW search_path[0m
  [1m[35mSQL (3.7ms)[0m   SELECT distinct i.relname, d.indisunique, d.indkey, t.oid
 FROM pg_class t, pg_class i, pg_index d
 WHERE i.relkind = 'i'
 AND d.indexrelid = i.oid
 AND d.indisprimary = 'f'
 AND t.oid = d.indrelid
 AND t.relname = 'schema_migrations'
 AND i.relnamespace IN (SELECT oid FROM pg_namespace WHERE nspname IN ('"$user"','public') )
 ORDER BY i.relname
  [1m[36mSQL (53.0ms)[0m  [1mCREATE UNIQUE INDEX "unique_schema_migrations" ON "schema_migrations" ("version")[0m
  [1m[35mSQL (1.1ms)[0m   SELECT COUNT(*)
 FROM pg_tables
 WHERE tablename = 'schema_info'
 
  [1m[36mSQL (0.4ms)[0m  [1mSELECT version FROM "schema_migrations"[0m
  [1m[35mSQL (5.5ms)[0m  INSERT INTO "schema_migrations" (version) VALUES ('20101123180139')
  [1m[36mSQL (0.2ms)[0m  [1mSHOW client_min_messages[0m
  [1m[35mSQL (0.1ms)[0m  SET client_min_messages TO 'panic'
  [1m[36mSQL (0.1ms)[0m  [1mSET standard_conforming_strings = on[0m
  [1m[35mSQL (0.1ms)[0m  SET client_min_messages TO 'notice'
  [1m[36mSQL (0.3ms)[0m  [1mSET time zone 'UTC'[0m
  [1m[35mSQL (0.1ms)[0m  SHOW TIME ZONE
  [1m[36mSQL (2.1ms)[0m  [1m SELECT COUNT(*)
 FROM pg_tables
 WHERE tablename = 'schema_migrations'
 
[0m
  [1m[35mSQL (0.9ms)[0m   SELECT tablename
 FROM pg_tables
 WHERE schemaname = ANY (current_schemas(false))
  [1m[36mSQL (1.7ms)[0m  [1m SELECT a.attname, format_type(a.atttypid, a.atttypmod), d.adsrc, a.attnotnull
 FROM pg_attribute a LEFT JOIN pg_attrdef d
 ON a.attrelid = d.adrelid AND a.attnum = d.adnum
 WHERE a.attrelid = '"schema_migrations"'::regclass
 AND a.attnum > 0 AND NOT a.attisdropped
 ORDER BY a.attnum
[0m
  [1m[35mSQL (0.3ms)[0m  SELECT "schema_migrations"."version" FROM "schema_migrations"
  [1m[36mSQL (0.1ms)[0m  [1mSET search_path TO public[0m
  [1m[35mSQL (0.1ms)[0m  SHOW client_min_messages
  [1m[36mSQL (0.1ms)[0m  [1mSET client_min_messages TO 'panic'[0m
  [1m[35mSQL (0.1ms)[0m  SET standard_conforming_strings = on
  [1m[36mSQL (0.1ms)[0m  [1mSET client_min_messages TO 'notice'[0m
  [1m[35mSQL (0.3ms)[0m  SET time zone 'UTC'
  [1m[36mSQL (0.1ms)[0m  [1mSHOW TIME ZONE[0m
  [1m[35mSQL (235.3ms)[0m  DROP DATABASE IF EXISTS "solar_test"
  [1m[36mSQL (1.1ms)[0m  [1mSET search_path TO public[0m
  [1m[35mSQL (0.2ms)[0m  SHOW client_min_messages
  [1m[36mSQL (0.2ms)[0m  [1mSET client_min_messages TO 'panic'[0m
  [1m[35mSQL (0.1ms)[0m  SET standard_conforming_strings = on
  [1m[36mSQL (0.1ms)[0m  [1mSET client_min_messages TO 'notice'[0m
  [1m[35mSQL (0.5ms)[0m  SET time zone 'UTC'
  [1m[36mSQL (0.1ms)[0m  [1mSHOW TIME ZONE[0m
  [1m[35mSQL (5681.9ms)[0m  CREATE DATABASE "solar_test" ENCODING = 'unicode'
  [1m[36mSQL (0.2ms)[0m  [1mSHOW client_min_messages[0m
  [1m[35mSQL (0.1ms)[0m  SET client_min_messages TO 'panic'
  [1m[36mSQL (0.1ms)[0m  [1mSET standard_conforming_strings = on[0m
  [1m[35mSQL (0.1ms)[0m  SET client_min_messages TO 'notice'
  [1m[36mSQL (0.3ms)[0m  [1mSET time zone 'UTC'[0m
  [1m[35mSQL (0.1ms)[0m  SHOW TIME ZONE
  [1m[36mSQL (2.3ms)[0m  [1m SELECT COUNT(*)
 FROM pg_tables
 WHERE tablename = 'usuarios'
 
[0m
  [1m[35mSQL (42.8ms)[0m  CREATE TABLE "usuarios" ("id" serial primary key, "created_at" timestamp, "updated_at" timestamp) 
  [1m[36mSQL (1.3ms)[0m  [1m SELECT COUNT(*)
 FROM pg_tables
 WHERE tablename = 'schema_migrations'
 
[0m
  [1m[35mSQL (6.2ms)[0m  CREATE TABLE "schema_migrations" ("version" character varying(255) NOT NULL) 
  [1m[36mSQL (0.3ms)[0m  [1mSHOW search_path[0m
  [1m[35mSQL (3.6ms)[0m   SELECT distinct i.relname, d.indisunique, d.indkey, t.oid
 FROM pg_class t, pg_class i, pg_index d
 WHERE i.relkind = 'i'
 AND d.indexrelid = i.oid
 AND d.indisprimary = 'f'
 AND t.oid = d.indrelid
 AND t.relname = 'schema_migrations'
 AND i.relnamespace IN (SELECT oid FROM pg_namespace WHERE nspname IN ('"$user"','public') )
 ORDER BY i.relname
  [1m[36mSQL (45.0ms)[0m  [1mCREATE UNIQUE INDEX "unique_schema_migrations" ON "schema_migrations" ("version")[0m
  [1m[35mSQL (1.1ms)[0m   SELECT COUNT(*)
 FROM pg_tables
 WHERE tablename = 'schema_info'
 
  [1m[36mSQL (0.4ms)[0m  [1mSELECT version FROM "schema_migrations"[0m
  [1m[35mSQL (5.6ms)[0m  INSERT INTO "schema_migrations" (version) VALUES ('20101123180139')
  [1m[36mSQL (0.2ms)[0m  [1mSHOW client_min_messages[0m
  [1m[35mSQL (0.1ms)[0m  SET client_min_messages TO 'panic'
  [1m[36mSQL (0.0ms)[0m  [1mSET standard_conforming_strings = on[0m
  [1m[35mSQL (0.0ms)[0m  SET client_min_messages TO 'notice'
  [1m[36mSQL (0.3ms)[0m  [1mSET time zone 'UTC'[0m
  [1m[35mSQL (0.1ms)[0m  SHOW TIME ZONE
  [1m[36mSQL (2.2ms)[0m  [1m SELECT COUNT(*)
 FROM pg_tables
 WHERE tablename = 'schema_migrations'
 
[0m
  [1m[35mSQL (0.9ms)[0m   SELECT tablename
 FROM pg_tables
 WHERE schemaname = ANY (current_schemas(false))
  [1m[36mSQL (2.0ms)[0m  [1m SELECT a.attname, format_type(a.atttypid, a.atttypmod), d.adsrc, a.attnotnull
 FROM pg_attribute a LEFT JOIN pg_attrdef d
 ON a.attrelid = d.adrelid AND a.attnum = d.adnum
 WHERE a.attrelid = '"schema_migrations"'::regclass
 AND a.attnum > 0 AND NOT a.attisdropped
 ORDER BY a.attnum
[0m
  [1m[35mSQL (0.4ms)[0m  SELECT "schema_migrations"."version" FROM "schema_migrations"
  [1m[36mSQL (0.1ms)[0m  [1mSET search_path TO public[0m
  [1m[35mSQL (0.1ms)[0m  SHOW client_min_messages
  [1m[36mSQL (0.0ms)[0m  [1mSET client_min_messages TO 'panic'[0m
  [1m[35mSQL (0.0ms)[0m  SET standard_conforming_strings = on
  [1m[36mSQL (0.0ms)[0m  [1mSET client_min_messages TO 'notice'[0m
  [1m[35mSQL (0.4ms)[0m  SET time zone 'UTC'
  [1m[36mSQL (0.1ms)[0m  [1mSHOW TIME ZONE[0m
  [1m[35mSQL (232.0ms)[0m  DROP DATABASE IF EXISTS "solar_test"
  [1m[36mSQL (0.2ms)[0m  [1mSET search_path TO public[0m
  [1m[35mSQL (0.2ms)[0m  SHOW client_min_messages
  [1m[36mSQL (0.1ms)[0m  [1mSET client_min_messages TO 'panic'[0m
  [1m[35mSQL (0.1ms)[0m  SET standard_conforming_strings = on
  [1m[36mSQL (0.1ms)[0m  [1mSET client_min_messages TO 'notice'[0m
  [1m[35mSQL (0.6ms)[0m  SET time zone 'UTC'
  [1m[36mSQL (0.1ms)[0m  [1mSHOW TIME ZONE[0m
  [1m[35mSQL (5548.0ms)[0m  CREATE DATABASE "solar_test" ENCODING = 'unicode'
  [1m[36mSQL (0.2ms)[0m  [1mSHOW client_min_messages[0m
  [1m[35mSQL (0.1ms)[0m  SET client_min_messages TO 'panic'
  [1m[36mSQL (0.1ms)[0m  [1mSET standard_conforming_strings = on[0m
  [1m[35mSQL (0.1ms)[0m  SET client_min_messages TO 'notice'
  [1m[36mSQL (0.3ms)[0m  [1mSET time zone 'UTC'[0m
  [1m[35mSQL (0.1ms)[0m  SHOW TIME ZONE
  [1m[36mSQL (2.7ms)[0m  [1m SELECT COUNT(*)
 FROM pg_tables
 WHERE tablename = 'usuarios'
 
[0m
  [1m[35mSQL (56.4ms)[0m  CREATE TABLE "usuarios" ("id" serial primary key, "created_at" timestamp, "updated_at" timestamp) 
  [1m[36mSQL (2.1ms)[0m  [1m SELECT COUNT(*)
 FROM pg_tables
 WHERE tablename = 'schema_migrations'
 
[0m
  [1m[35mSQL (5.3ms)[0m  CREATE TABLE "schema_migrations" ("version" character varying(255) NOT NULL) 
  [1m[36mSQL (0.2ms)[0m  [1mSHOW search_path[0m
  [1m[35mSQL (1.9ms)[0m   SELECT distinct i.relname, d.indisunique, d.indkey, t.oid
 FROM pg_class t, pg_class i, pg_index d
 WHERE i.relkind = 'i'
 AND d.indexrelid = i.oid
 AND d.indisprimary = 'f'
 AND t.oid = d.indrelid
 AND t.relname = 'schema_migrations'
 AND i.relnamespace IN (SELECT oid FROM pg_namespace WHERE nspname IN ('"$user"','public') )
 ORDER BY i.relname
  [1m[36mSQL (47.1ms)[0m  [1mCREATE UNIQUE INDEX "unique_schema_migrations" ON "schema_migrations" ("version")[0m
  [1m[35mSQL (1.1ms)[0m   SELECT COUNT(*)
 FROM pg_tables
 WHERE tablename = 'schema_info'
 
  [1m[36mSQL (0.4ms)[0m  [1mSELECT version FROM "schema_migrations"[0m
  [1m[35mSQL (5.6ms)[0m  INSERT INTO "schema_migrations" (version) VALUES ('20101123180139')
  [1m[36mSQL (0.2ms)[0m  [1mSHOW client_min_messages[0m
  [1m[35mSQL (0.1ms)[0m  SET client_min_messages TO 'panic'
  [1m[36mSQL (0.1ms)[0m  [1mSET standard_conforming_strings = on[0m
  [1m[35mSQL (0.1ms)[0m  SET client_min_messages TO 'notice'
  [1m[36mSQL (0.4ms)[0m  [1mSET time zone 'UTC'[0m
  [1m[35mSQL (0.1ms)[0m  SHOW TIME ZONE
  [1m[36mSQL (2.7ms)[0m  [1m SELECT COUNT(*)
 FROM pg_tables
 WHERE tablename = 'schema_migrations'
 
[0m
  [1m[35mSQL (0.9ms)[0m   SELECT tablename
 FROM pg_tables
 WHERE schemaname = ANY (current_schemas(false))
  [1m[36mSQL (1.7ms)[0m  [1m SELECT a.attname, format_type(a.atttypid, a.atttypmod), d.adsrc, a.attnotnull
 FROM pg_attribute a LEFT JOIN pg_attrdef d
 ON a.attrelid = d.adrelid AND a.attnum = d.adnum
 WHERE a.attrelid = '"schema_migrations"'::regclass
 AND a.attnum > 0 AND NOT a.attisdropped
 ORDER BY a.attnum
[0m
  [1m[35mSQL (0.3ms)[0m  SELECT "schema_migrations"."version" FROM "schema_migrations"
  [1m[36mSQL (0.1ms)[0m  [1mSET search_path TO public[0m
  [1m[35mSQL (0.1ms)[0m  SHOW client_min_messages
  [1m[36mSQL (0.1ms)[0m  [1mSET client_min_messages TO 'panic'[0m
  [1m[35mSQL (0.0ms)[0m  SET standard_conforming_strings = on
  [1m[36mSQL (0.0ms)[0m  [1mSET client_min_messages TO 'notice'[0m
  [1m[35mSQL (0.3ms)[0m  SET time zone 'UTC'
  [1m[36mSQL (0.1ms)[0m  [1mSHOW TIME ZONE[0m
  [1m[35mSQL (229.3ms)[0m  DROP DATABASE IF EXISTS "solar_test"
  [1m[36mSQL (0.2ms)[0m  [1mSET search_path TO public[0m
  [1m[35mSQL (0.2ms)[0m  SHOW client_min_messages
  [1m[36mSQL (0.1ms)[0m  [1mSET client_min_messages TO 'panic'[0m
  [1m[35mSQL (0.1ms)[0m  SET standard_conforming_strings = on
  [1m[36mSQL (0.1ms)[0m  [1mSET client_min_messages TO 'notice'[0m
  [1m[35mSQL (0.5ms)[0m  SET time zone 'UTC'
  [1m[36mSQL (0.1ms)[0m  [1mSHOW TIME ZONE[0m
  [1m[35mSQL (5650.8ms)[0m  CREATE DATABASE "solar_test" ENCODING = 'unicode'
  [1m[36mSQL (0.2ms)[0m  [1mSHOW client_min_messages[0m
  [1m[35mSQL (0.3ms)[0m  SET client_min_messages TO 'panic'
  [1m[36mSQL (0.1ms)[0m  [1mSET standard_conforming_strings = on[0m
  [1m[35mSQL (0.1ms)[0m  SET client_min_messages TO 'notice'
  [1m[36mSQL (0.3ms)[0m  [1mSET time zone 'UTC'[0m
  [1m[35mSQL (0.1ms)[0m  SHOW TIME ZONE
  [1m[36mSQL (2.4ms)[0m  [1m SELECT COUNT(*)
 FROM pg_tables
 WHERE tablename = 'usuarios'
 
[0m
  [1m[35mSQL (44.9ms)[0m  CREATE TABLE "usuarios" ("id" serial primary key, "created_at" timestamp, "updated_at" timestamp) 
  [1m[36mSQL (1.3ms)[0m  [1m SELECT COUNT(*)
 FROM pg_tables
 WHERE tablename = 'schema_migrations'
 
[0m
  [1m[35mSQL (6.2ms)[0m  CREATE TABLE "schema_migrations" ("version" character varying(255) NOT NULL) 
  [1m[36mSQL (0.3ms)[0m  [1mSHOW search_path[0m
  [1m[35mSQL (3.9ms)[0m   SELECT distinct i.relname, d.indisunique, d.indkey, t.oid
 FROM pg_class t, pg_class i, pg_index d
 WHERE i.relkind = 'i'
 AND d.indexrelid = i.oid
 AND d.indisprimary = 'f'
 AND t.oid = d.indrelid
 AND t.relname = 'schema_migrations'
 AND i.relnamespace IN (SELECT oid FROM pg_namespace WHERE nspname IN ('"$user"','public') )
 ORDER BY i.relname
  [1m[36mSQL (44.6ms)[0m  [1mCREATE UNIQUE INDEX "unique_schema_migrations" ON "schema_migrations" ("version")[0m
  [1m[35mSQL (1.1ms)[0m   SELECT COUNT(*)
 FROM pg_tables
 WHERE tablename = 'schema_info'
 
  [1m[36mSQL (0.4ms)[0m  [1mSELECT version FROM "schema_migrations"[0m
  [1m[35mSQL (5.7ms)[0m  INSERT INTO "schema_migrations" (version) VALUES ('20101123180139')
  [1m[36mSQL (0.2ms)[0m  [1mSHOW client_min_messages[0m
  [1m[35mSQL (0.1ms)[0m  SET client_min_messages TO 'panic'
  [1m[36mSQL (0.1ms)[0m  [1mSET standard_conforming_strings = on[0m
  [1m[35mSQL (0.1ms)[0m  SET client_min_messages TO 'notice'
  [1m[36mSQL (0.3ms)[0m  [1mSET time zone 'UTC'[0m
  [1m[35mSQL (0.1ms)[0m  SHOW TIME ZONE
  [1m[36mSQL (2.1ms)[0m  [1m SELECT COUNT(*)
 FROM pg_tables
 WHERE tablename = 'schema_migrations'
 
[0m
  [1m[35mSQL (0.7ms)[0m   SELECT tablename
 FROM pg_tables
 WHERE schemaname = ANY (current_schemas(false))
  [1m[36mSQL (1.7ms)[0m  [1m SELECT a.attname, format_type(a.atttypid, a.atttypmod), d.adsrc, a.attnotnull
 FROM pg_attribute a LEFT JOIN pg_attrdef d
 ON a.attrelid = d.adrelid AND a.attnum = d.adnum
 WHERE a.attrelid = '"schema_migrations"'::regclass
 AND a.attnum > 0 AND NOT a.attisdropped
 ORDER BY a.attnum
[0m
  [1m[35mSQL (0.4ms)[0m  SELECT "schema_migrations"."version" FROM "schema_migrations"
  [1m[36mSQL (0.1ms)[0m  [1mSET search_path TO public[0m
  [1m[35mSQL (0.1ms)[0m  SHOW client_min_messages
  [1m[36mSQL (0.1ms)[0m  [1mSET client_min_messages TO 'panic'[0m
  [1m[35mSQL (0.1ms)[0m  SET standard_conforming_strings = on
  [1m[36mSQL (0.1ms)[0m  [1mSET client_min_messages TO 'notice'[0m
  [1m[35mSQL (0.3ms)[0m  SET time zone 'UTC'
  [1m[36mSQL (0.1ms)[0m  [1mSHOW TIME ZONE[0m
  [1m[35mSQL (128.3ms)[0m  DROP DATABASE IF EXISTS "solar_test"
  [1m[36mSQL (0.1ms)[0m  [1mSET search_path TO public[0m
  [1m[35mSQL (0.1ms)[0m  SHOW client_min_messages
  [1m[36mSQL (0.0ms)[0m  [1mSET client_min_messages TO 'panic'[0m
  [1m[35mSQL (0.0ms)[0m  SET standard_conforming_strings = on
  [1m[36mSQL (0.1ms)[0m  [1mSET client_min_messages TO 'notice'[0m
  [1m[35mSQL (0.3ms)[0m  SET time zone 'UTC'
  [1m[36mSQL (0.1ms)[0m  [1mSHOW TIME ZONE[0m
  [1m[35mSQL (5802.5ms)[0m  CREATE DATABASE "solar_test" ENCODING = 'unicode'
  [1m[36mSQL (0.2ms)[0m  [1mSHOW client_min_messages[0m
  [1m[35mSQL (0.1ms)[0m  SET client_min_messages TO 'panic'
  [1m[36mSQL (0.1ms)[0m  [1mSET standard_conforming_strings = on[0m
  [1m[35mSQL (0.0ms)[0m  SET client_min_messages TO 'notice'
  [1m[36mSQL (0.3ms)[0m  [1mSET time zone 'UTC'[0m
  [1m[35mSQL (0.1ms)[0m  SHOW TIME ZONE
  [1m[36mSQL (2.3ms)[0m  [1m SELECT COUNT(*)
 FROM pg_tables
 WHERE tablename = 'usuarios'
 
[0m
  [1m[35mSQL (60.5ms)[0m  CREATE TABLE "usuarios" ("id" serial primary key, "created_at" timestamp, "updated_at" timestamp) 
  [1m[36mSQL (1.3ms)[0m  [1m SELECT COUNT(*)
 FROM pg_tables
 WHERE tablename = 'schema_migrations'
 
[0m
  [1m[35mSQL (6.3ms)[0m  CREATE TABLE "schema_migrations" ("version" character varying(255) NOT NULL) 
  [1m[36mSQL (0.3ms)[0m  [1mSHOW search_path[0m
  [1m[35mSQL (3.7ms)[0m   SELECT distinct i.relname, d.indisunique, d.indkey, t.oid
 FROM pg_class t, pg_class i, pg_index d
 WHERE i.relkind = 'i'
 AND d.indexrelid = i.oid
 AND d.indisprimary = 'f'
 AND t.oid = d.indrelid
 AND t.relname = 'schema_migrations'
 AND i.relnamespace IN (SELECT oid FROM pg_namespace WHERE nspname IN ('"$user"','public') )
 ORDER BY i.relname
  [1m[36mSQL (44.8ms)[0m  [1mCREATE UNIQUE INDEX "unique_schema_migrations" ON "schema_migrations" ("version")[0m
  [1m[35mSQL (1.2ms)[0m   SELECT COUNT(*)
 FROM pg_tables
 WHERE tablename = 'schema_info'
 
  [1m[36mSQL (0.4ms)[0m  [1mSELECT version FROM "schema_migrations"[0m
  [1m[35mSQL (5.5ms)[0m  INSERT INTO "schema_migrations" (version) VALUES ('20101123180139')
  [1m[36mSQL (0.2ms)[0m  [1mSHOW client_min_messages[0m
  [1m[35mSQL (0.1ms)[0m  SET client_min_messages TO 'panic'
  [1m[36mSQL (0.1ms)[0m  [1mSET standard_conforming_strings = on[0m
  [1m[35mSQL (0.1ms)[0m  SET client_min_messages TO 'notice'
  [1m[36mSQL (0.3ms)[0m  [1mSET time zone 'UTC'[0m
  [1m[35mSQL (0.1ms)[0m  SHOW TIME ZONE
  [1m[36mSQL (2.1ms)[0m  [1m SELECT COUNT(*)
 FROM pg_tables
 WHERE tablename = 'schema_migrations'
 
[0m
  [1m[35mSQL (0.7ms)[0m   SELECT tablename
 FROM pg_tables
 WHERE schemaname = ANY (current_schemas(false))
  [1m[36mSQL (1.7ms)[0m  [1m SELECT a.attname, format_type(a.atttypid, a.atttypmod), d.adsrc, a.attnotnull
 FROM pg_attribute a LEFT JOIN pg_attrdef d
 ON a.attrelid = d.adrelid AND a.attnum = d.adnum
 WHERE a.attrelid = '"schema_migrations"'::regclass
 AND a.attnum > 0 AND NOT a.attisdropped
 ORDER BY a.attnum
[0m
  [1m[35mSQL (0.4ms)[0m  SELECT "schema_migrations"."version" FROM "schema_migrations"
  [1m[36mSQL (0.1ms)[0m  [1mSET search_path TO public[0m
  [1m[35mSQL (0.1ms)[0m  SHOW client_min_messages
  [1m[36mSQL (0.1ms)[0m  [1mSET client_min_messages TO 'panic'[0m
  [1m[35mSQL (0.1ms)[0m  SET standard_conforming_strings = on
  [1m[36mSQL (0.1ms)[0m  [1mSET client_min_messages TO 'notice'[0m
  [1m[35mSQL (0.3ms)[0m  SET time zone 'UTC'
  [1m[36mSQL (0.1ms)[0m  [1mSHOW TIME ZONE[0m
  [1m[35mSQL (133.8ms)[0m  DROP DATABASE IF EXISTS "solar_test"
  [1m[36mSQL (0.1ms)[0m  [1mSET search_path TO public[0m
  [1m[35mSQL (0.1ms)[0m  SHOW client_min_messages
  [1m[36mSQL (0.0ms)[0m  [1mSET client_min_messages TO 'panic'[0m
  [1m[35mSQL (0.0ms)[0m  SET standard_conforming_strings = on
  [1m[36mSQL (0.0ms)[0m  [1mSET client_min_messages TO 'notice'[0m
  [1m[35mSQL (0.3ms)[0m  SET time zone 'UTC'
  [1m[36mSQL (0.1ms)[0m  [1mSHOW TIME ZONE[0m
  [1m[35mSQL (5655.0ms)[0m  CREATE DATABASE "solar_test" ENCODING = 'unicode'
  [1m[36mSQL (0.2ms)[0m  [1mSHOW client_min_messages[0m
  [1m[35mSQL (0.1ms)[0m  SET client_min_messages TO 'panic'
  [1m[36mSQL (0.1ms)[0m  [1mSET standard_conforming_strings = on[0m
  [1m[35mSQL (0.1ms)[0m  SET client_min_messages TO 'notice'
  [1m[36mSQL (0.3ms)[0m  [1mSET time zone 'UTC'[0m
  [1m[35mSQL (0.1ms)[0m  SHOW TIME ZONE
  [1m[36mSQL (2.9ms)[0m  [1m SELECT COUNT(*)
 FROM pg_tables
 WHERE tablename = 'usuarios'
 
[0m
  [1m[35mSQL (58.5ms)[0m  CREATE TABLE "usuarios" ("id" serial primary key, "created_at" timestamp, "updated_at" timestamp) 
  [1m[36mSQL (1.3ms)[0m  [1m SELECT COUNT(*)
 FROM pg_tables
 WHERE tablename = 'schema_migrations'
 
[0m
  [1m[35mSQL (6.7ms)[0m  CREATE TABLE "schema_migrations" ("version" character varying(255) NOT NULL) 
  [1m[36mSQL (0.3ms)[0m  [1mSHOW search_path[0m
  [1m[35mSQL (3.6ms)[0m   SELECT distinct i.relname, d.indisunique, d.indkey, t.oid
 FROM pg_class t, pg_class i, pg_index d
 WHERE i.relkind = 'i'
 AND d.indexrelid = i.oid
 AND d.indisprimary = 'f'
 AND t.oid = d.indrelid
 AND t.relname = 'schema_migrations'
 AND i.relnamespace IN (SELECT oid FROM pg_namespace WHERE nspname IN ('"$user"','public') )
 ORDER BY i.relname
  [1m[36mSQL (61.3ms)[0m  [1mCREATE UNIQUE INDEX "unique_schema_migrations" ON "schema_migrations" ("version")[0m
  [1m[35mSQL (1.1ms)[0m   SELECT COUNT(*)
 FROM pg_tables
 WHERE tablename = 'schema_info'
 
  [1m[36mSQL (0.4ms)[0m  [1mSELECT version FROM "schema_migrations"[0m
  [1m[35mSQL (5.7ms)[0m  INSERT INTO "schema_migrations" (version) VALUES ('20101123180139')
  [1m[36mSQL (0.2ms)[0m  [1mSHOW client_min_messages[0m
  [1m[35mSQL (0.1ms)[0m  SET client_min_messages TO 'panic'
  [1m[36mSQL (0.1ms)[0m  [1mSET standard_conforming_strings = on[0m
  [1m[35mSQL (0.1ms)[0m  SET client_min_messages TO 'notice'
  [1m[36mSQL (0.3ms)[0m  [1mSET time zone 'UTC'[0m
  [1m[35mSQL (0.1ms)[0m  SHOW TIME ZONE
  [1m[36mSQL (2.1ms)[0m  [1m SELECT COUNT(*)
 FROM pg_tables
 WHERE tablename = 'schema_migrations'
 
[0m
  [1m[35mSQL (0.8ms)[0m   SELECT tablename
 FROM pg_tables
 WHERE schemaname = ANY (current_schemas(false))
  [1m[36mSQL (1.8ms)[0m  [1m SELECT a.attname, format_type(a.atttypid, a.atttypmod), d.adsrc, a.attnotnull
 FROM pg_attribute a LEFT JOIN pg_attrdef d
 ON a.attrelid = d.adrelid AND a.attnum = d.adnum
 WHERE a.attrelid = '"schema_migrations"'::regclass
 AND a.attnum > 0 AND NOT a.attisdropped
 ORDER BY a.attnum
[0m
  [1m[35mSQL (0.4ms)[0m  SELECT "schema_migrations"."version" FROM "schema_migrations"
  [1m[36mSQL (0.1ms)[0m  [1mSET search_path TO public[0m
  [1m[35mSQL (0.1ms)[0m  SHOW client_min_messages
  [1m[36mSQL (0.1ms)[0m  [1mSET client_min_messages TO 'panic'[0m
  [1m[35mSQL (0.1ms)[0m  SET standard_conforming_strings = on
  [1m[36mSQL (0.1ms)[0m  [1mSET client_min_messages TO 'notice'[0m
  [1m[35mSQL (0.3ms)[0m  SET time zone 'UTC'
  [1m[36mSQL (0.1ms)[0m  [1mSHOW TIME ZONE[0m
  [1m[35mSQL (130.9ms)[0m  DROP DATABASE IF EXISTS "solar_test"
  [1m[36mSQL (0.2ms)[0m  [1mSET search_path TO public[0m
  [1m[35mSQL (0.2ms)[0m  SHOW client_min_messages
  [1m[36mSQL (0.1ms)[0m  [1mSET client_min_messages TO 'panic'[0m
  [1m[35mSQL (0.1ms)[0m  SET standard_conforming_strings = on
  [1m[36mSQL (0.1ms)[0m  [1mSET client_min_messages TO 'notice'[0m
  [1m[35mSQL (0.5ms)[0m  SET time zone 'UTC'
  [1m[36mSQL (0.1ms)[0m  [1mSHOW TIME ZONE[0m
  [1m[35mSQL (5651.9ms)[0m  CREATE DATABASE "solar_test" ENCODING = 'unicode'
  [1m[36mSQL (0.2ms)[0m  [1mSHOW client_min_messages[0m
  [1m[35mSQL (0.1ms)[0m  SET client_min_messages TO 'panic'
  [1m[36mSQL (0.1ms)[0m  [1mSET standard_conforming_strings = on[0m
  [1m[35mSQL (0.1ms)[0m  SET client_min_messages TO 'notice'
  [1m[36mSQL (0.5ms)[0m  [1mSET time zone 'UTC'[0m
  [1m[35mSQL (0.1ms)[0m  SHOW TIME ZONE
  [1m[36mSQL (2.4ms)[0m  [1m SELECT COUNT(*)
 FROM pg_tables
 WHERE tablename = 'usuarios'
 
[0m
  [1m[35mSQL (45.8ms)[0m  CREATE TABLE "usuarios" ("id" serial primary key, "created_at" timestamp, "updated_at" timestamp) 
  [1m[36mSQL (1.3ms)[0m  [1m SELECT COUNT(*)
 FROM pg_tables
 WHERE tablename = 'schema_migrations'
 
[0m
  [1m[35mSQL (6.3ms)[0m  CREATE TABLE "schema_migrations" ("version" character varying(255) NOT NULL) 
  [1m[36mSQL (0.4ms)[0m  [1mSHOW search_path[0m
  [1m[35mSQL (3.7ms)[0m   SELECT distinct i.relname, d.indisunique, d.indkey, t.oid
 FROM pg_class t, pg_class i, pg_index d
 WHERE i.relkind = 'i'
 AND d.indexrelid = i.oid
 AND d.indisprimary = 'f'
 AND t.oid = d.indrelid
 AND t.relname = 'schema_migrations'
 AND i.relnamespace IN (SELECT oid FROM pg_namespace WHERE nspname IN ('"$user"','public') )
 ORDER BY i.relname
  [1m[36mSQL (53.1ms)[0m  [1mCREATE UNIQUE INDEX "unique_schema_migrations" ON "schema_migrations" ("version")[0m
  [1m[35mSQL (1.1ms)[0m   SELECT COUNT(*)
 FROM pg_tables
 WHERE tablename = 'schema_info'
 
  [1m[36mSQL (0.4ms)[0m  [1mSELECT version FROM "schema_migrations"[0m
  [1m[35mSQL (5.6ms)[0m  INSERT INTO "schema_migrations" (version) VALUES ('20101123180139')
  [1m[36mSQL (0.2ms)[0m  [1mSHOW client_min_messages[0m
  [1m[35mSQL (0.1ms)[0m  SET client_min_messages TO 'panic'
  [1m[36mSQL (0.0ms)[0m  [1mSET standard_conforming_strings = on[0m
  [1m[35mSQL (0.0ms)[0m  SET client_min_messages TO 'notice'
  [1m[36mSQL (0.3ms)[0m  [1mSET time zone 'UTC'[0m
  [1m[35mSQL (0.1ms)[0m  SHOW TIME ZONE
  [1m[36mSQL (2.1ms)[0m  [1m SELECT COUNT(*)
 FROM pg_tables
 WHERE tablename = 'schema_migrations'
 
[0m
  [1m[35mSQL (0.7ms)[0m   SELECT tablename
 FROM pg_tables
 WHERE schemaname = ANY (current_schemas(false))
  [1m[36mSQL (1.7ms)[0m  [1m SELECT a.attname, format_type(a.atttypid, a.atttypmod), d.adsrc, a.attnotnull
 FROM pg_attribute a LEFT JOIN pg_attrdef d
 ON a.attrelid = d.adrelid AND a.attnum = d.adnum
 WHERE a.attrelid = '"schema_migrations"'::regclass
 AND a.attnum > 0 AND NOT a.attisdropped
 ORDER BY a.attnum
[0m
  [1m[35mSQL (0.3ms)[0m  SELECT "schema_migrations"."version" FROM "schema_migrations"
Migrating to CreateUsuarios (20101123180139)
  [1m[36mSQL (0.6ms)[0m  [1m SELECT COUNT(*)
 FROM pg_tables
 WHERE tablename = 'schema_migrations'
 
[0m
  [1m[35mSQL (0.5ms)[0m   SELECT a.attname, format_type(a.atttypid, a.atttypmod), d.adsrc, a.attnotnull
 FROM pg_attribute a LEFT JOIN pg_attrdef d
 ON a.attrelid = d.adrelid AND a.attnum = d.adnum
 WHERE a.attrelid = '"schema_migrations"'::regclass
 AND a.attnum > 0 AND NOT a.attisdropped
 ORDER BY a.attnum
  [1m[36mSQL (0.1ms)[0m  [1mSELECT "schema_migrations"."version" FROM "schema_migrations"[0m
  [1m[35mSQL (0.6ms)[0m   SELECT tablename
 FROM pg_tables
 WHERE schemaname = ANY (current_schemas(false))
  [1m[36mSQL (0.5ms)[0m  [1m SELECT a.attname, format_type(a.atttypid, a.atttypmod), d.adsrc, a.attnotnull
 FROM pg_attribute a LEFT JOIN pg_attrdef d
 ON a.attrelid = d.adrelid AND a.attnum = d.adnum
 WHERE a.attrelid = '"usuarios"'::regclass
 AND a.attnum > 0 AND NOT a.attisdropped
 ORDER BY a.attnum
[0m
  [1m[35mPK and serial sequence (2.9ms)[0m   SELECT attr.attname, seq.relname
 FROM pg_class seq,
 pg_attribute attr,
 pg_depend dep,
 pg_namespace name,
 pg_constraint cons
 WHERE seq.oid = dep.objid
 AND seq.relkind = 'S'
 AND attr.attrelid = dep.refobjid
 AND attr.attnum = dep.refobjsubid
 AND attr.attrelid = cons.conrelid
 AND attr.attnum = cons.conkey[1]
 AND cons.contype = 'p'
 AND dep.refobjid = '"usuarios"'::regclass
  [1m[36mSQL (0.1ms)[0m  [1mSHOW search_path[0m
  [1m[35mSQL (1.9ms)[0m   SELECT distinct i.relname, d.indisunique, d.indkey, t.oid
 FROM pg_class t, pg_class i, pg_index d
 WHERE i.relkind = 'i'
 AND d.indexrelid = i.oid
 AND d.indisprimary = 'f'
 AND t.oid = d.indrelid
 AND t.relname = 'usuarios'
 AND i.relnamespace IN (SELECT oid FROM pg_namespace WHERE nspname IN ('"$user"','public') )
 ORDER BY i.relname
  [1m[36mSQL (0.2ms)[0m  [1mSHOW client_min_messages[0m
  [1m[35mSQL (0.1ms)[0m  SET client_min_messages TO 'panic'
  [1m[36mSQL (0.1ms)[0m  [1mSET standard_conforming_strings = on[0m
  [1m[35mSQL (0.0ms)[0m  SET client_min_messages TO 'notice'
  [1m[36mSQL (0.3ms)[0m  [1mSET time zone 'UTC'[0m
  [1m[35mSQL (0.1ms)[0m  SHOW TIME ZONE
  [1m[36mSQL (2.1ms)[0m  [1m SELECT COUNT(*)
 FROM pg_tables
 WHERE tablename = 'schema_migrations'
 
[0m
  [1m[35mSQL (1.1ms)[0m   SELECT tablename
 FROM pg_tables
 WHERE schemaname = ANY (current_schemas(false))
  [1m[36mSQL (1.7ms)[0m  [1m SELECT a.attname, format_type(a.atttypid, a.atttypmod), d.adsrc, a.attnotnull
 FROM pg_attribute a LEFT JOIN pg_attrdef d
 ON a.attrelid = d.adrelid AND a.attnum = d.adnum
 WHERE a.attrelid = '"schema_migrations"'::regclass
 AND a.attnum > 0 AND NOT a.attisdropped
 ORDER BY a.attnum
[0m
  [1m[35mSQL (0.4ms)[0m  SELECT "schema_migrations"."version" FROM "schema_migrations"
  [1m[36mSQL (0.1ms)[0m  [1mSET search_path TO public[0m
  [1m[35mSQL (0.4ms)[0m  SHOW client_min_messages
  [1m[36mSQL (0.1ms)[0m  [1mSET client_min_messages TO 'panic'[0m
  [1m[35mSQL (0.1ms)[0m  SET standard_conforming_strings = on
  [1m[36mSQL (0.1ms)[0m  [1mSET client_min_messages TO 'notice'[0m
  [1m[35mSQL (0.3ms)[0m  SET time zone 'UTC'
  [1m[36mSQL (0.1ms)[0m  [1mSHOW TIME ZONE[0m
  [1m[35mSQL (232.8ms)[0m  DROP DATABASE IF EXISTS "solar_test"
  [1m[36mSQL (0.2ms)[0m  [1mSET search_path TO public[0m
  [1m[35mSQL (0.2ms)[0m  SHOW client_min_messages
  [1m[36mSQL (0.5ms)[0m  [1mSET client_min_messages TO 'panic'[0m
  [1m[35mSQL (0.1ms)[0m  SET standard_conforming_strings = on
  [1m[36mSQL (0.1ms)[0m  [1mSET client_min_messages TO 'notice'[0m
  [1m[35mSQL (0.5ms)[0m  SET time zone 'UTC'
  [1m[36mSQL (0.1ms)[0m  [1mSHOW TIME ZONE[0m
  [1m[35mSQL (5628.0ms)[0m  CREATE DATABASE "solar_test" ENCODING = 'unicode'
  [1m[36mSQL (0.2ms)[0m  [1mSHOW client_min_messages[0m
  [1m[35mSQL (0.1ms)[0m  SET client_min_messages TO 'panic'
  [1m[36mSQL (0.1ms)[0m  [1mSET standard_conforming_strings = on[0m
  [1m[35mSQL (0.0ms)[0m  SET client_min_messages TO 'notice'
  [1m[36mSQL (0.3ms)[0m  [1mSET time zone 'UTC'[0m
  [1m[35mSQL (0.1ms)[0m  SHOW TIME ZONE
  [1m[36mSQL (2.5ms)[0m  [1m SELECT COUNT(*)
 FROM pg_tables
 WHERE tablename = 'usuarios'
 
[0m
  [1m[35mSQL (42.8ms)[0m  CREATE TABLE "usuarios" ("id" serial primary key, "created_at" timestamp, "updated_at" timestamp) 
  [1m[36mSQL (1.3ms)[0m  [1m SELECT COUNT(*)
 FROM pg_tables
 WHERE tablename = 'schema_migrations'
 
[0m
  [1m[35mSQL (6.2ms)[0m  CREATE TABLE "schema_migrations" ("version" character varying(255) NOT NULL) 
  [1m[36mSQL (0.3ms)[0m  [1mSHOW search_path[0m
  [1m[35mSQL (3.7ms)[0m   SELECT distinct i.relname, d.indisunique, d.indkey, t.oid
 FROM pg_class t, pg_class i, pg_index d
 WHERE i.relkind = 'i'
 AND d.indexrelid = i.oid
 AND d.indisprimary = 'f'
 AND t.oid = d.indrelid
 AND t.relname = 'schema_migrations'
 AND i.relnamespace IN (SELECT oid FROM pg_namespace WHERE nspname IN ('"$user"','public') )
 ORDER BY i.relname
  [1m[36mSQL (61.6ms)[0m  [1mCREATE UNIQUE INDEX "unique_schema_migrations" ON "schema_migrations" ("version")[0m
  [1m[35mSQL (1.1ms)[0m   SELECT COUNT(*)
 FROM pg_tables
 WHERE tablename = 'schema_info'
 
  [1m[36mSQL (0.4ms)[0m  [1mSELECT version FROM "schema_migrations"[0m
  [1m[35mSQL (5.7ms)[0m  INSERT INTO "schema_migrations" (version) VALUES ('20101123180139')
  [1m[36mSQL (0.2ms)[0m  [1mSHOW client_min_messages[0m
  [1m[35mSQL (0.1ms)[0m  SET client_min_messages TO 'panic'
  [1m[36mSQL (0.1ms)[0m  [1mSET standard_conforming_strings = on[0m
  [1m[35mSQL (0.1ms)[0m  SET client_min_messages TO 'notice'
  [1m[36mSQL (0.3ms)[0m  [1mSET time zone 'UTC'[0m
  [1m[35mSQL (0.1ms)[0m  SHOW TIME ZONE
  [1m[36mSQL (2.1ms)[0m  [1m SELECT COUNT(*)
 FROM pg_tables
 WHERE tablename = 'schema_migrations'
 
[0m
  [1m[35mSQL (0.8ms)[0m   SELECT tablename
 FROM pg_tables
 WHERE schemaname = ANY (current_schemas(false))
  [1m[36mSQL (1.7ms)[0m  [1m SELECT a.attname, format_type(a.atttypid, a.atttypmod), d.adsrc, a.attnotnull
 FROM pg_attribute a LEFT JOIN pg_attrdef d
 ON a.attrelid = d.adrelid AND a.attnum = d.adnum
 WHERE a.attrelid = '"schema_migrations"'::regclass
 AND a.attnum > 0 AND NOT a.attisdropped
 ORDER BY a.attnum
[0m
  [1m[35mSQL (0.4ms)[0m  SELECT "schema_migrations"."version" FROM "schema_migrations"
  [1m[36mSQL (0.1ms)[0m  [1mSET search_path TO public[0m
  [1m[35mSQL (0.1ms)[0m  SHOW client_min_messages
  [1m[36mSQL (0.1ms)[0m  [1mSET client_min_messages TO 'panic'[0m
  [1m[35mSQL (0.1ms)[0m  SET standard_conforming_strings = on
  [1m[36mSQL (0.1ms)[0m  [1mSET client_min_messages TO 'notice'[0m
  [1m[35mSQL (0.3ms)[0m  SET time zone 'UTC'
  [1m[36mSQL (0.1ms)[0m  [1mSHOW TIME ZONE[0m
  [1m[35mSQL (133.3ms)[0m  DROP DATABASE IF EXISTS "solar_test"
  [1m[36mSQL (0.2ms)[0m  [1mSET search_path TO public[0m
  [1m[35mSQL (0.2ms)[0m  SHOW client_min_messages
  [1m[36mSQL (0.1ms)[0m  [1mSET client_min_messages TO 'panic'[0m
  [1m[35mSQL (0.1ms)[0m  SET standard_conforming_strings = on
  [1m[36mSQL (0.1ms)[0m  [1mSET client_min_messages TO 'notice'[0m
  [1m[35mSQL (0.3ms)[0m  SET time zone 'UTC'
  [1m[36mSQL (0.1ms)[0m  [1mSHOW TIME ZONE[0m
  [1m[35mSQL (5677.9ms)[0m  CREATE DATABASE "solar_test" ENCODING = 'unicode'
  [1m[36mSQL (0.2ms)[0m  [1mSHOW client_min_messages[0m
  [1m[35mSQL (0.0ms)[0m  SET client_min_messages TO 'panic'
  [1m[36mSQL (0.1ms)[0m  [1mSET standard_conforming_strings = on[0m
  [1m[35mSQL (0.0ms)[0m  SET client_min_messages TO 'notice'
  [1m[36mSQL (0.3ms)[0m  [1mSET time zone 'UTC'[0m
  [1m[35mSQL (0.1ms)[0m  SHOW TIME ZONE
  [1m[36mSQL (2.7ms)[0m  [1m SELECT COUNT(*)
 FROM pg_tables
 WHERE tablename = 'usuarios'
 
[0m
  [1m[35mSQL (39.7ms)[0m  CREATE TABLE "usuarios" ("id" serial primary key, "created_at" timestamp, "updated_at" timestamp) 
  [1m[36mSQL (1.8ms)[0m  [1m SELECT COUNT(*)
 FROM pg_tables
 WHERE tablename = 'schema_migrations'
 
[0m
  [1m[35mSQL (5.7ms)[0m  CREATE TABLE "schema_migrations" ("version" character varying(255) NOT NULL) 
  [1m[36mSQL (0.3ms)[0m  [1mSHOW search_path[0m
  [1m[35mSQL (3.6ms)[0m   SELECT distinct i.relname, d.indisunique, d.indkey, t.oid
 FROM pg_class t, pg_class i, pg_index d
 WHERE i.relkind = 'i'
 AND d.indexrelid = i.oid
 AND d.indisprimary = 'f'
 AND t.oid = d.indrelid
 AND t.relname = 'schema_migrations'
 AND i.relnamespace IN (SELECT oid FROM pg_namespace WHERE nspname IN ('"$user"','public') )
 ORDER BY i.relname
  [1m[36mSQL (53.3ms)[0m  [1mCREATE UNIQUE INDEX "unique_schema_migrations" ON "schema_migrations" ("version")[0m
  [1m[35mSQL (1.1ms)[0m   SELECT COUNT(*)
 FROM pg_tables
 WHERE tablename = 'schema_info'
 
  [1m[36mSQL (0.4ms)[0m  [1mSELECT version FROM "schema_migrations"[0m
  [1m[35mSQL (5.7ms)[0m  INSERT INTO "schema_migrations" (version) VALUES ('20101123180139')
  [1m[36mSQL (0.2ms)[0m  [1mSHOW client_min_messages[0m
  [1m[35mSQL (0.1ms)[0m  SET client_min_messages TO 'panic'
  [1m[36mSQL (0.1ms)[0m  [1mSET standard_conforming_strings = on[0m
  [1m[35mSQL (0.1ms)[0m  SET client_min_messages TO 'notice'
  [1m[36mSQL (0.3ms)[0m  [1mSET time zone 'UTC'[0m
  [1m[35mSQL (0.1ms)[0m  SHOW TIME ZONE
  [1m[36mSQL (2.2ms)[0m  [1m SELECT COUNT(*)
 FROM pg_tables
 WHERE tablename = 'schema_migrations'
 
[0m
  [1m[35mSQL (0.8ms)[0m   SELECT tablename
 FROM pg_tables
 WHERE schemaname = ANY (current_schemas(false))
  [1m[36mSQL (1.8ms)[0m  [1m SELECT a.attname, format_type(a.atttypid, a.atttypmod), d.adsrc, a.attnotnull
 FROM pg_attribute a LEFT JOIN pg_attrdef d
 ON a.attrelid = d.adrelid AND a.attnum = d.adnum
 WHERE a.attrelid = '"schema_migrations"'::regclass
 AND a.attnum > 0 AND NOT a.attisdropped
 ORDER BY a.attnum
[0m
  [1m[35mSQL (0.4ms)[0m  SELECT "schema_migrations"."version" FROM "schema_migrations"
  [1m[36mSQL (0.1ms)[0m  [1mSET search_path TO public[0m
  [1m[35mSQL (0.1ms)[0m  SHOW client_min_messages
  [1m[36mSQL (0.1ms)[0m  [1mSET client_min_messages TO 'panic'[0m
  [1m[35mSQL (0.1ms)[0m  SET standard_conforming_strings = on
  [1m[36mSQL (0.1ms)[0m  [1mSET client_min_messages TO 'notice'[0m
  [1m[35mSQL (0.3ms)[0m  SET time zone 'UTC'
  [1m[36mSQL (0.1ms)[0m  [1mSHOW TIME ZONE[0m
  [1m[35mSQL (232.5ms)[0m  DROP DATABASE IF EXISTS "solar_test"
  [1m[36mSQL (0.1ms)[0m  [1mSET search_path TO public[0m
  [1m[35mSQL (0.1ms)[0m  SHOW client_min_messages
  [1m[36mSQL (0.1ms)[0m  [1mSET client_min_messages TO 'panic'[0m
  [1m[35mSQL (0.1ms)[0m  SET standard_conforming_strings = on
  [1m[36mSQL (0.1ms)[0m  [1mSET client_min_messages TO 'notice'[0m
  [1m[35mSQL (0.3ms)[0m  SET time zone 'UTC'
  [1m[36mSQL (0.1ms)[0m  [1mSHOW TIME ZONE[0m
  [1m[35mSQL (5603.6ms)[0m  CREATE DATABASE "solar_test" ENCODING = 'unicode'
  [1m[36mSQL (0.2ms)[0m  [1mSHOW client_min_messages[0m
  [1m[35mSQL (0.1ms)[0m  SET client_min_messages TO 'panic'
  [1m[36mSQL (0.1ms)[0m  [1mSET standard_conforming_strings = on[0m
  [1m[35mSQL (0.1ms)[0m  SET client_min_messages TO 'notice'
  [1m[36mSQL (0.3ms)[0m  [1mSET time zone 'UTC'[0m
  [1m[35mSQL (0.1ms)[0m  SHOW TIME ZONE
  [1m[36mSQL (2.5ms)[0m  [1m SELECT COUNT(*)
 FROM pg_tables
 WHERE tablename = 'usuarios'
 
[0m
  [1m[35mSQL (50.1ms)[0m  CREATE TABLE "usuarios" ("id" serial primary key, "created_at" timestamp, "updated_at" timestamp) 
  [1m[36mSQL (1.3ms)[0m  [1m SELECT COUNT(*)
 FROM pg_tables
 WHERE tablename = 'schema_migrations'
 
[0m
  [1m[35mSQL (8.8ms)[0m  CREATE TABLE "schema_migrations" ("version" character varying(255) NOT NULL) 
  [1m[36mSQL (0.3ms)[0m  [1mSHOW search_path[0m
  [1m[35mSQL (3.7ms)[0m   SELECT distinct i.relname, d.indisunique, d.indkey, t.oid
 FROM pg_class t, pg_class i, pg_index d
 WHERE i.relkind = 'i'
 AND d.indexrelid = i.oid
 AND d.indisprimary = 'f'
 AND t.oid = d.indrelid
 AND t.relname = 'schema_migrations'
 AND i.relnamespace IN (SELECT oid FROM pg_namespace WHERE nspname IN ('"$user"','public') )
 ORDER BY i.relname
  [1m[36mSQL (53.2ms)[0m  [1mCREATE UNIQUE INDEX "unique_schema_migrations" ON "schema_migrations" ("version")[0m
  [1m[35mSQL (1.1ms)[0m   SELECT COUNT(*)
 FROM pg_tables
 WHERE tablename = 'schema_info'
 
  [1m[36mSQL (0.4ms)[0m  [1mSELECT version FROM "schema_migrations"[0m
  [1m[35mSQL (5.7ms)[0m  INSERT INTO "schema_migrations" (version) VALUES ('20101123180139')
  [1m[36mSQL (0.2ms)[0m  [1mSHOW client_min_messages[0m
  [1m[35mSQL (0.1ms)[0m  SET client_min_messages TO 'panic'
  [1m[36mSQL (0.1ms)[0m  [1mSET standard_conforming_strings = on[0m
  [1m[35mSQL (0.1ms)[0m  SET client_min_messages TO 'notice'
  [1m[36mSQL (0.4ms)[0m  [1mSET time zone 'UTC'[0m
  [1m[35mSQL (0.1ms)[0m  SHOW TIME ZONE
  [1m[36mSQL (2.1ms)[0m  [1m SELECT COUNT(*)
 FROM pg_tables
 WHERE tablename = 'schema_migrations'
 
[0m
  [1m[35mSQL (0.8ms)[0m   SELECT tablename
 FROM pg_tables
 WHERE schemaname = ANY (current_schemas(false))
  [1m[36mSQL (1.7ms)[0m  [1m SELECT a.attname, format_type(a.atttypid, a.atttypmod), d.adsrc, a.attnotnull
 FROM pg_attribute a LEFT JOIN pg_attrdef d
 ON a.attrelid = d.adrelid AND a.attnum = d.adnum
 WHERE a.attrelid = '"schema_migrations"'::regclass
 AND a.attnum > 0 AND NOT a.attisdropped
 ORDER BY a.attnum
[0m
  [1m[35mSQL (0.4ms)[0m  SELECT "schema_migrations"."version" FROM "schema_migrations"
  [1m[36mSQL (0.1ms)[0m  [1mSET search_path TO public[0m
  [1m[35mSQL (0.1ms)[0m  SHOW client_min_messages
  [1m[36mSQL (0.1ms)[0m  [1mSET client_min_messages TO 'panic'[0m
  [1m[35mSQL (0.1ms)[0m  SET standard_conforming_strings = on
  [1m[36mSQL (0.1ms)[0m  [1mSET client_min_messages TO 'notice'[0m
  [1m[35mSQL (0.3ms)[0m  SET time zone 'UTC'
  [1m[36mSQL (0.1ms)[0m  [1mSHOW TIME ZONE[0m
  [1m[35mSQL (228.9ms)[0m  DROP DATABASE IF EXISTS "solar_test"
  [1m[36mSQL (0.2ms)[0m  [1mSET search_path TO public[0m
  [1m[35mSQL (0.2ms)[0m  SHOW client_min_messages
  [1m[36mSQL (0.1ms)[0m  [1mSET client_min_messages TO 'panic'[0m
  [1m[35mSQL (0.1ms)[0m  SET standard_conforming_strings = on
  [1m[36mSQL (0.1ms)[0m  [1mSET client_min_messages TO 'notice'[0m
  [1m[35mSQL (0.5ms)[0m  SET time zone 'UTC'
  [1m[36mSQL (0.1ms)[0m  [1mSHOW TIME ZONE[0m
  [1m[35mSQL (5679.2ms)[0m  CREATE DATABASE "solar_test" ENCODING = 'unicode'
  [1m[36mSQL (0.2ms)[0m  [1mSHOW client_min_messages[0m
  [1m[35mSQL (0.0ms)[0m  SET client_min_messages TO 'panic'
  [1m[36mSQL (0.1ms)[0m  [1mSET standard_conforming_strings = on[0m
  [1m[35mSQL (0.0ms)[0m  SET client_min_messages TO 'notice'
  [1m[36mSQL (0.3ms)[0m  [1mSET time zone 'UTC'[0m
  [1m[35mSQL (0.1ms)[0m  SHOW TIME ZONE
  [1m[36mSQL (2.4ms)[0m  [1m SELECT COUNT(*)
 FROM pg_tables
 WHERE tablename = 'usuarios'
 
[0m
  [1m[35mSQL (46.3ms)[0m  CREATE TABLE "usuarios" ("id" serial primary key, "created_at" timestamp, "updated_at" timestamp) 
  [1m[36mSQL (1.3ms)[0m  [1m SELECT COUNT(*)
 FROM pg_tables
 WHERE tablename = 'schema_migrations'
 
[0m
  [1m[35mSQL (6.2ms)[0m  CREATE TABLE "schema_migrations" ("version" character varying(255) NOT NULL) 
  [1m[36mSQL (0.3ms)[0m  [1mSHOW search_path[0m
  [1m[35mSQL (3.7ms)[0m   SELECT distinct i.relname, d.indisunique, d.indkey, t.oid
 FROM pg_class t, pg_class i, pg_index d
 WHERE i.relkind = 'i'
 AND d.indexrelid = i.oid
 AND d.indisprimary = 'f'
 AND t.oid = d.indrelid
 AND t.relname = 'schema_migrations'
 AND i.relnamespace IN (SELECT oid FROM pg_namespace WHERE nspname IN ('"$user"','public') )
 ORDER BY i.relname
  [1m[36mSQL (61.5ms)[0m  [1mCREATE UNIQUE INDEX "unique_schema_migrations" ON "schema_migrations" ("version")[0m
  [1m[35mSQL (1.1ms)[0m   SELECT COUNT(*)
 FROM pg_tables
 WHERE tablename = 'schema_info'
 
  [1m[36mSQL (0.4ms)[0m  [1mSELECT version FROM "schema_migrations"[0m
  [1m[35mSQL (5.5ms)[0m  INSERT INTO "schema_migrations" (version) VALUES ('20101123180139')
  [1m[36mSQL (0.2ms)[0m  [1mSHOW client_min_messages[0m
  [1m[35mSQL (0.1ms)[0m  SET client_min_messages TO 'panic'
  [1m[36mSQL (0.1ms)[0m  [1mSET standard_conforming_strings = on[0m
  [1m[35mSQL (0.1ms)[0m  SET client_min_messages TO 'notice'
  [1m[36mSQL (0.3ms)[0m  [1mSET time zone 'UTC'[0m
  [1m[35mSQL (0.1ms)[0m  SHOW TIME ZONE
  [1m[36mSQL (2.4ms)[0m  [1m SELECT COUNT(*)
 FROM pg_tables
 WHERE tablename = 'schema_migrations'
 
[0m
  [1m[35mSQL (0.9ms)[0m   SELECT tablename
 FROM pg_tables
 WHERE schemaname = ANY (current_schemas(false))
  [1m[36mSQL (1.9ms)[0m  [1m SELECT a.attname, format_type(a.atttypid, a.atttypmod), d.adsrc, a.attnotnull
 FROM pg_attribute a LEFT JOIN pg_attrdef d
 ON a.attrelid = d.adrelid AND a.attnum = d.adnum
 WHERE a.attrelid = '"schema_migrations"'::regclass
 AND a.attnum > 0 AND NOT a.attisdropped
 ORDER BY a.attnum
[0m
  [1m[35mSQL (0.4ms)[0m  SELECT "schema_migrations"."version" FROM "schema_migrations"
  [1m[36mSQL (0.1ms)[0m  [1mSET search_path TO public[0m
  [1m[35mSQL (0.2ms)[0m  SHOW client_min_messages
  [1m[36mSQL (0.1ms)[0m  [1mSET client_min_messages TO 'panic'[0m
  [1m[35mSQL (0.1ms)[0m  SET standard_conforming_strings = on
  [1m[36mSQL (0.1ms)[0m  [1mSET client_min_messages TO 'notice'[0m
  [1m[35mSQL (0.3ms)[0m  SET time zone 'UTC'
  [1m[36mSQL (0.1ms)[0m  [1mSHOW TIME ZONE[0m
  [1m[35mSQL (233.7ms)[0m  DROP DATABASE IF EXISTS "solar_test"
  [1m[36mSQL (0.2ms)[0m  [1mSET search_path TO public[0m
  [1m[35mSQL (0.2ms)[0m  SHOW client_min_messages
  [1m[36mSQL (0.1ms)[0m  [1mSET client_min_messages TO 'panic'[0m
  [1m[35mSQL (0.1ms)[0m  SET standard_conforming_strings = on
  [1m[36mSQL (0.1ms)[0m  [1mSET client_min_messages TO 'notice'[0m
  [1m[35mSQL (0.5ms)[0m  SET time zone 'UTC'
  [1m[36mSQL (0.1ms)[0m  [1mSHOW TIME ZONE[0m
  [1m[35mSQL (5653.4ms)[0m  CREATE DATABASE "solar_test" ENCODING = 'unicode'
  [1m[36mSQL (0.2ms)[0m  [1mSHOW client_min_messages[0m
  [1m[35mSQL (0.1ms)[0m  SET client_min_messages TO 'panic'
  [1m[36mSQL (0.0ms)[0m  [1mSET standard_conforming_strings = on[0m
  [1m[35mSQL (0.0ms)[0m  SET client_min_messages TO 'notice'
  [1m[36mSQL (0.3ms)[0m  [1mSET time zone 'UTC'[0m
  [1m[35mSQL (0.1ms)[0m  SHOW TIME ZONE
  [1m[36mSQL (2.8ms)[0m  [1m SELECT COUNT(*)
 FROM pg_tables
 WHERE tablename = 'usuarios'
 
[0m
  [1m[35mSQL (55.5ms)[0m  CREATE TABLE "usuarios" ("id" serial primary key, "created_at" timestamp, "updated_at" timestamp) 
  [1m[36mSQL (0.7ms)[0m  [1m SELECT COUNT(*)
 FROM pg_tables
 WHERE tablename = 'schema_migrations'
 
[0m
  [1m[35mSQL (7.1ms)[0m  CREATE TABLE "schema_migrations" ("version" character varying(255) NOT NULL) 
  [1m[36mSQL (0.3ms)[0m  [1mSHOW search_path[0m
  [1m[35mSQL (3.6ms)[0m   SELECT distinct i.relname, d.indisunique, d.indkey, t.oid
 FROM pg_class t, pg_class i, pg_index d
 WHERE i.relkind = 'i'
 AND d.indexrelid = i.oid
 AND d.indisprimary = 'f'
 AND t.oid = d.indrelid
 AND t.relname = 'schema_migrations'
 AND i.relnamespace IN (SELECT oid FROM pg_namespace WHERE nspname IN ('"$user"','public') )
 ORDER BY i.relname
  [1m[36mSQL (55.0ms)[0m  [1mCREATE UNIQUE INDEX "unique_schema_migrations" ON "schema_migrations" ("version")[0m
  [1m[35mSQL (1.3ms)[0m   SELECT COUNT(*)
 FROM pg_tables
 WHERE tablename = 'schema_info'
 
  [1m[36mSQL (0.6ms)[0m  [1mSELECT version FROM "schema_migrations"[0m
  [1m[35mSQL (3.3ms)[0m  INSERT INTO "schema_migrations" (version) VALUES ('20101123180139')
  [1m[36mSQL (0.2ms)[0m  [1mSHOW client_min_messages[0m
  [1m[35mSQL (0.1ms)[0m  SET client_min_messages TO 'panic'
  [1m[36mSQL (0.1ms)[0m  [1mSET standard_conforming_strings = on[0m
  [1m[35mSQL (0.1ms)[0m  SET client_min_messages TO 'notice'
  [1m[36mSQL (0.3ms)[0m  [1mSET time zone 'UTC'[0m
  [1m[35mSQL (0.1ms)[0m  SHOW TIME ZONE
  [1m[36mSQL (2.2ms)[0m  [1m SELECT COUNT(*)
 FROM pg_tables
 WHERE tablename = 'schema_migrations'
 
[0m
  [1m[35mSQL (0.8ms)[0m   SELECT tablename
 FROM pg_tables
 WHERE schemaname = ANY (current_schemas(false))
  [1m[36mSQL (1.7ms)[0m  [1m SELECT a.attname, format_type(a.atttypid, a.atttypmod), d.adsrc, a.attnotnull
 FROM pg_attribute a LEFT JOIN pg_attrdef d
 ON a.attrelid = d.adrelid AND a.attnum = d.adnum
 WHERE a.attrelid = '"schema_migrations"'::regclass
 AND a.attnum > 0 AND NOT a.attisdropped
 ORDER BY a.attnum
[0m
  [1m[35mSQL (0.3ms)[0m  SELECT "schema_migrations"."version" FROM "schema_migrations"
  [1m[36mSQL (0.1ms)[0m  [1mSET search_path TO public[0m
  [1m[35mSQL (0.1ms)[0m  SHOW client_min_messages
  [1m[36mSQL (0.1ms)[0m  [1mSET client_min_messages TO 'panic'[0m
  [1m[35mSQL (0.1ms)[0m  SET standard_conforming_strings = on
  [1m[36mSQL (0.1ms)[0m  [1mSET client_min_messages TO 'notice'[0m
  [1m[35mSQL (0.3ms)[0m  SET time zone 'UTC'
  [1m[36mSQL (0.1ms)[0m  [1mSHOW TIME ZONE[0m
  [1m[35mSQL (135.4ms)[0m  DROP DATABASE IF EXISTS "solar_test"
  [1m[36mSQL (0.1ms)[0m  [1mSET search_path TO public[0m
  [1m[35mSQL (0.1ms)[0m  SHOW client_min_messages
  [1m[36mSQL (0.1ms)[0m  [1mSET client_min_messages TO 'panic'[0m
  [1m[35mSQL (0.1ms)[0m  SET standard_conforming_strings = on
  [1m[36mSQL (0.1ms)[0m  [1mSET client_min_messages TO 'notice'[0m
  [1m[35mSQL (0.3ms)[0m  SET time zone 'UTC'
  [1m[36mSQL (0.1ms)[0m  [1mSHOW TIME ZONE[0m
  [1m[35mSQL (5736.8ms)[0m  CREATE DATABASE "solar_test" ENCODING = 'unicode'
  [1m[36mSQL (0.2ms)[0m  [1mSHOW client_min_messages[0m
  [1m[35mSQL (0.1ms)[0m  SET client_min_messages TO 'panic'
  [1m[36mSQL (0.1ms)[0m  [1mSET standard_conforming_strings = on[0m
  [1m[35mSQL (0.1ms)[0m  SET client_min_messages TO 'notice'
  [1m[36mSQL (0.3ms)[0m  [1mSET time zone 'UTC'[0m
  [1m[35mSQL (0.1ms)[0m  SHOW TIME ZONE
  [1m[36mSQL (2.4ms)[0m  [1m SELECT COUNT(*)
 FROM pg_tables
 WHERE tablename = 'usuarios'
 
[0m
  [1m[35mSQL (55.4ms)[0m  CREATE TABLE "usuarios" ("id" serial primary key, "created_at" timestamp, "updated_at" timestamp) 
  [1m[36mSQL (1.5ms)[0m  [1m SELECT COUNT(*)
 FROM pg_tables
 WHERE tablename = 'schema_migrations'
 
[0m
  [1m[35mSQL (6.1ms)[0m  CREATE TABLE "schema_migrations" ("version" character varying(255) NOT NULL) 
  [1m[36mSQL (0.3ms)[0m  [1mSHOW search_path[0m
  [1m[35mSQL (3.7ms)[0m   SELECT distinct i.relname, d.indisunique, d.indkey, t.oid
 FROM pg_class t, pg_class i, pg_index d
 WHERE i.relkind = 'i'
 AND d.indexrelid = i.oid
 AND d.indisprimary = 'f'
 AND t.oid = d.indrelid
 AND t.relname = 'schema_migrations'
 AND i.relnamespace IN (SELECT oid FROM pg_namespace WHERE nspname IN ('"$user"','public') )
 ORDER BY i.relname
  [1m[36mSQL (45.0ms)[0m  [1mCREATE UNIQUE INDEX "unique_schema_migrations" ON "schema_migrations" ("version")[0m
  [1m[35mSQL (1.1ms)[0m   SELECT COUNT(*)
 FROM pg_tables
 WHERE tablename = 'schema_info'
 
  [1m[36mSQL (0.4ms)[0m  [1mSELECT version FROM "schema_migrations"[0m
  [1m[35mSQL (5.6ms)[0m  INSERT INTO "schema_migrations" (version) VALUES ('20101123180139')
